03/23 20:43:56 INFO License Service: Flex 1.5 CF Edition enabled
03/23 20:43:56 INFO Starting Flex 1.5 CF Edition
Mar 23, 2019 20:43:56 PM Information [pool-2-thread-1] - C:\ColdFusion10\cfusion\logs\server.log initialized
Mar 23, 2019 20:43:56 PM Information [pool-2-thread-1] - Starting logging...
Mar 23, 2019 20:43:56 PM Information [pool-2-thread-1] - Starting license...
Mar 23, 2019 20:43:57 PM Information [pool-2-thread-1] - Invalid ColdFusion 10 license.
Mar 23, 2019 20:43:57 PM Information [pool-2-thread-1] - Invalid ColdFusion 10 license.
Mar 23, 2019 20:43:57 PM Information [pool-2-thread-1] - Invalid ColdFusion 10 license.
Mar 23, 2019 20:43:57 PM Information [pool-2-thread-1] - Developer Edition enabled
Mar 23, 2019 20:43:57 PM Information [pool-2-thread-1] - Starting crypto...
Mar 23, 2019 20:43:57 PM Information [pool-2-thread-1] - Installed JSafe JCE provider: Version 6.0 Crypto-J 6.0, EMC Corporation. JsafeJCE Security Provider (implements RSA, DSA, ECDSA, Diffie-Hellman, ECDH, AES, DES, Triple DES, DESX, RC2, RC4, RC5, PBE, MD2, MD5, RIPEMD160, SHA1, SHA224, SHA256, SHA384, SHA512, HMAC-MD5, HMAC-RIPEMD160, HMAC-SHA1, HMAC-SHA224, HMAC-SHA256, HMAC-SHA384, HMAC-SHA512, FIPS186PRNG, ECDRBG, HMACDRBG, SHA1PRNG, MD5PRNG; RFC 3394, RFC 5649 AES Key Wrap; X.509 CertificateFactory; PKCS12, PKCS15 KeyStore; X.509V1, PKIX, PKIX-SuiteB, PKIX-SuiteBTLS CertPathValidators; X.509V1, PKIX, PKIX-SuiteB, PKIX-SuiteBTLS CertPathBuilders; LDAP, Collection CertStores)
Mar 23, 2019 20:43:57 PM Information [pool-2-thread-1] - Starting security...
Mar 23, 2019 20:43:59 PM Information [pool-2-thread-1] - Starting scheduler...
Mar 23, 2019 20:43:59 PM Information [pool-2-thread-1] - Starting WatchService...
Mar 23, 2019 20:43:59 PM Information [pool-2-thread-1] - Starting debugging...
Mar 23, 2019 20:43:59 PM Information [pool-2-thread-1] - Starting sql...
Mar 23, 2019 20:43:59 PM Information [pool-2-thread-1] - Starting mail...
Mar 23, 2019 20:43:59 PM Information [pool-2-thread-1] - Starting runtime...
Mar 23, 2019 20:43:59 PM Information [pool-2-thread-1] - CORBA Configuration not enabled
Mar 23, 2019 20:43:59 PM Information [pool-2-thread-1] - Starting cron...
Mar 23, 2019 20:43:59 PM Information [pool-2-thread-1] - Starting registry...
Mar 23, 2019 20:43:59 PM Information [pool-2-thread-1] - Starting client...
Mar 23, 2019 20:43:59 PM Information [pool-2-thread-1] - Starting xmlrpc...
Mar 23, 2019 20:44:00 PM Information [pool-2-thread-1] - Starting jaxrs...
Mar 23, 2019 20:44:00 PM Information [pool-2-thread-1] - Starting graphing...
Mar 23, 2019 20:44:00 PM Information [pool-2-thread-1] - Starting solr...
Mar 23, 2019 20:44:00 PM Information [pool-2-thread-1] - Starting archive...
Mar 23, 2019 20:44:00 PM Information [pool-2-thread-1] - Starting document...
Mar 23, 2019 20:44:00 PM Information [pool-2-thread-1] - Starting eventgateway...
Mar 23, 2019 20:44:00 PM Information [pool-2-thread-1] - C:\ColdFusion10\cfusion\logs\eventgateway.log initialized
Mar 23, 2019 20:44:00 PM Information [pool-2-thread-1] - Event Gateway Disabled.
Mar 23, 2019 20:44:00 PM Information [pool-2-thread-1] - Starting FlexAssembler...
Mar 23, 2019 20:44:00 PM Information [pool-2-thread-1] - Starting .NET...
Mar 23, 2019 20:44:00 PM Information [pool-2-thread-1] - Starting Monitoring...
Mar 23, 2019 20:44:00 PM Information [pool-2-thread-1] - Starting WebSocket...
Mar 23, 2019 20:44:00 PM Information [pool-2-thread-1] - WebSocket server listens on port: 8575
Mar 23, 2019 20:44:00 PM Information [pool-2-thread-1] - ColdFusion started
Mar 23, 2019 20:44:00 PM Information [pool-2-thread-1] - ColdFusion: application services are now available
03/23 20:44:00 INFO Macromedia Flex Build: 87315.134646
Mar 23, 2019 20:50:50 PM Information [catalina-exec-2] - C:\ColdFusion10\cfusion\logs\application.log initialized
Mar 23, 2019 20:50:50 PM Information [catalina-exec-2] - Session rotated successfully.
Mar 23, 2019 20:50:50 PM Information [catalina-exec-2] - C:\ColdFusion10\cfusion\logs\audit.log initialized
Mar 23, 2019 20:50:50 PM Information [catalina-exec-2] - User admin logged in.
Mar 23, 2019 20:50:54 PM Information [catalina-exec-2] - Pool Manager Started
Mar 23, 2019 20:51:08 PM Information [catalina-exec-3] - C:\ColdFusion10\cfusion\logs\http.log initialized
Mar 23, 2019 20:51:08 PM Information [catalina-exec-3] - Starting HTTP request {URL='http://www.adobe.com:80/go/coldfusion-updates', method='get'}
Mar 23, 2019 20:51:11 PM Information [catalina-exec-3] - HTTP request completed  {Status Code=200 ,Time taken=2698 ms}
Mar 23, 2019 20:57:02 PM Information [catalina-exec-3] - User admin added datasource cw3_ds.
Mar 23, 2019 20:57:06 PM Error [catalina-exec-3] - Could not create connection to database server. Attempted reconnect 3 times. Giving up.
Mar 23, 2019 20:57:06 PM  [] - 
Mar 23, 2019 20:57:10 PM Error [catalina-exec-3] - Could not create connection to database server. Attempted reconnect 3 times. Giving up.
Mar 23, 2019 20:59:41 PM Information [catalina-exec-10] - User admin added datasource cw3_ds.
Mar 23, 2019 20:59:45 PM Error [catalina-exec-10] - Could not create connection to database server. Attempted reconnect 3 times. Giving up.
Mar 23, 2019 20:59:49 PM Error [catalina-exec-10] - Could not create connection to database server. Attempted reconnect 3 times. Giving up.
Mar 23, 2019 21:00:06 PM Information [catalina-exec-10] - User admin added datasource cw3_ds.
Mar 23, 2019 21:00:10 PM Error [catalina-exec-10] - Could not create connection to database server. Attempted reconnect 3 times. Giving up.
Mar 23, 2019 21:00:14 PM Error [catalina-exec-10] - Could not create connection to database server. Attempted reconnect 3 times. Giving up.
Mar 23, 2019 21:07:26 PM Information [catalina-exec-1] - User admin added datasource cw3_ds.
Mar 23, 2019 21:07:30 PM Error [catalina-exec-1] - Could not create connection to database server. Attempted reconnect 3 times. Giving up.
Mar 23, 2019 21:07:34 PM Error [catalina-exec-1] - Could not create connection to database server. Attempted reconnect 3 times. Giving up.
Mar 23, 2019 21:08:11 PM Information [catalina-exec-12] - User admin added datasource cw3_ds.
Mar 23, 2019 21:08:15 PM Error [catalina-exec-12] - Could not create connection to database server. Attempted reconnect 3 times. Giving up.
Mar 23, 2019 21:08:19 PM Error [catalina-exec-12] - Could not create connection to database server. Attempted reconnect 3 times. Giving up.
Mar 23, 2019 21:08:27 PM Information [catalina-exec-12] - User admin logged out
Mar 23, 2019 21:08:34 PM Information [catalina-exec-12] - Session rotated successfully.
Mar 23, 2019 21:08:34 PM Information [catalina-exec-12] - User admin logged in.
Mar 23, 2019 21:08:47 PM Error [catalina-exec-10] - Could not create connection to database server. Attempted reconnect 3 times. Giving up.
Mar 23, 2019 21:10:59 PM Information [catalina-exec-3] - User admin deleted datasource cw3_ds.
Mar 23, 2019 21:13:08 PM Error [catalina-exec-3] - [Macromedia][MySQL JDBC Driver][MySQL]Access denied for user 'root'@'localhost' (using password: YES)
Mar 23, 2019 21:13:08 PM Error [catalina-exec-3] - [Macromedia][MySQL JDBC Driver][MySQL]Access denied for user 'root'@'localhost' (using password: YES)
Mar 23, 2019 21:13:32 PM Error [catalina-exec-3] - [Macromedia][MySQL JDBC Driver][MySQL]Access denied for user 'cw3'@'localhost' (using password: YES)
Mar 23, 2019 21:13:32 PM Error [catalina-exec-3] - [Macromedia][MySQL JDBC Driver][MySQL]Access denied for user 'cw3'@'localhost' (using password: YES)
Mar 23, 2019 21:14:42 PM Error [catalina-exec-13] - [Macromedia][MySQL JDBC Driver]Connections to MySQL Community Server are not supported. Please contact MySQL to obtain a MySQL Enterprise or Commercial version.
Mar 23, 2019 21:14:42 PM Error [catalina-exec-13] - [Macromedia][MySQL JDBC Driver]Connections to MySQL Community Server are not supported. Please contact MySQL to obtain a MySQL Enterprise or Commercial version.
Mar 23, 2019 21:18:43 PM Error [catalina-exec-10] - [Macromedia][MySQL JDBC Driver]Connections to MySQL Community Server are not supported. Please contact MySQL to obtain a MySQL Enterprise or Commercial version.
Mar 23, 2019 21:18:46 PM Error [catalina-exec-10] - [Macromedia][MySQL JDBC Driver]Connections to MySQL Community Server are not supported. Please contact MySQL to obtain a MySQL Enterprise or Commercial version.
Mar 23, 2019 21:19:00 PM Error [catalina-exec-10] - [Macromedia][MySQL JDBC Driver]Connections to MySQL Community Server are not supported. Please contact MySQL to obtain a MySQL Enterprise or Commercial version.
Mar 23, 2019 21:19:00 PM Error [catalina-exec-10] - [Macromedia][MySQL JDBC Driver]Connections to MySQL Community Server are not supported. Please contact MySQL to obtain a MySQL Enterprise or Commercial version.
Mar 23, 2019 21:20:41 PM Error [catalina-exec-13] - [Macromedia][MySQL JDBC Driver]Connections to MySQL Community Server are not supported. Please contact MySQL to obtain a MySQL Enterprise or Commercial version.
Mar 23, 2019 21:20:41 PM Error [catalina-exec-13] - [Macromedia][MySQL JDBC Driver]Connections to MySQL Community Server are not supported. Please contact MySQL to obtain a MySQL Enterprise or Commercial version.
Mar 23, 2019 21:21:01 PM Error [catalina-exec-13] - [Macromedia][MySQL JDBC Driver][MySQL]Access denied for user 'root'@'localhost' (using password: YES)
Mar 23, 2019 21:21:01 PM Error [catalina-exec-13] - [Macromedia][MySQL JDBC Driver][MySQL]Access denied for user 'root'@'localhost' (using password: YES)
Mar 23, 2019 21:43:44 PM Error [catalina-exec-3] - [Macromedia][MySQL JDBC Driver][MySQL]Access denied for user 'root'@'localhost' (using password: YES)
Mar 23, 2019 21:43:44 PM Error [catalina-exec-3] - [Macromedia][MySQL JDBC Driver][MySQL]Access denied for user 'root'@'localhost' (using password: YES)
Mar 23, 2019 21:43:52 PM Error [catalina-exec-3] - [Macromedia][MySQL JDBC Driver][MySQL]Access denied for user 'root'@'localhost' (using password: YES)
Mar 23, 2019 21:47:19 PM Information [catalina-exec-10] - User admin logged out
Mar 23, 2019 21:47:22 PM Information [catalina-exec-10] - Session rotated successfully.
Mar 23, 2019 21:47:22 PM Information [catalina-exec-10] - Invalid login for Default User
Mar 23, 2019 21:47:54 PM Information [pool-2-thread-2] - ColdFusion stopped
03/23 21:48:05 INFO License Service: Flex 1.5 CF Edition enabled
03/23 21:48:05 INFO Starting Flex 1.5 CF Edition
Mar 23, 2019 21:48:05 PM Information [pool-2-thread-1] - Starting logging...
Mar 23, 2019 21:48:05 PM Information [pool-2-thread-1] - Starting license...
Mar 23, 2019 21:48:06 PM Information [pool-2-thread-1] - Invalid ColdFusion 10 license.
Mar 23, 2019 21:48:06 PM Information [pool-2-thread-1] - Invalid ColdFusion 10 license.
Mar 23, 2019 21:48:06 PM Information [pool-2-thread-1] - Invalid ColdFusion 10 license.
Mar 23, 2019 21:48:06 PM Information [pool-2-thread-1] - Developer Edition enabled
Mar 23, 2019 21:48:06 PM Information [pool-2-thread-1] - Starting crypto...
Mar 23, 2019 21:48:06 PM Information [pool-2-thread-1] - Installed JSafe JCE provider: Version 6.0 Crypto-J 6.0, EMC Corporation. JsafeJCE Security Provider (implements RSA, DSA, ECDSA, Diffie-Hellman, ECDH, AES, DES, Triple DES, DESX, RC2, RC4, RC5, PBE, MD2, MD5, RIPEMD160, SHA1, SHA224, SHA256, SHA384, SHA512, HMAC-MD5, HMAC-RIPEMD160, HMAC-SHA1, HMAC-SHA224, HMAC-SHA256, HMAC-SHA384, HMAC-SHA512, FIPS186PRNG, ECDRBG, HMACDRBG, SHA1PRNG, MD5PRNG; RFC 3394, RFC 5649 AES Key Wrap; X.509 CertificateFactory; PKCS12, PKCS15 KeyStore; X.509V1, PKIX, PKIX-SuiteB, PKIX-SuiteBTLS CertPathValidators; X.509V1, PKIX, PKIX-SuiteB, PKIX-SuiteBTLS CertPathBuilders; LDAP, Collection CertStores)
Mar 23, 2019 21:48:06 PM Information [pool-2-thread-1] - Starting security...
Mar 23, 2019 21:48:07 PM Information [pool-2-thread-1] - Starting scheduler...
Mar 23, 2019 21:48:07 PM Information [pool-2-thread-1] - Starting WatchService...
Mar 23, 2019 21:48:07 PM Information [pool-2-thread-1] - Starting debugging...
Mar 23, 2019 21:48:07 PM Information [pool-2-thread-1] - Starting sql...
Mar 23, 2019 21:48:07 PM Information [pool-2-thread-1] - Pool Manager Started
Mar 23, 2019 21:48:08 PM Information [pool-2-thread-1] - Starting mail...
Mar 23, 2019 21:48:08 PM Information [pool-2-thread-1] - Starting runtime...
Mar 23, 2019 21:48:08 PM Information [pool-2-thread-1] - CORBA Configuration not enabled
Mar 23, 2019 21:48:08 PM Information [pool-2-thread-1] - Starting cron...
Mar 23, 2019 21:48:08 PM Information [pool-2-thread-1] - Starting registry...
Mar 23, 2019 21:48:08 PM Information [pool-2-thread-1] - Starting client...
Mar 23, 2019 21:48:08 PM Information [pool-2-thread-1] - Starting xmlrpc...
Mar 23, 2019 21:48:09 PM Information [pool-2-thread-1] - Starting jaxrs...
Mar 23, 2019 21:48:09 PM Information [pool-2-thread-1] - Starting graphing...
Mar 23, 2019 21:48:09 PM Information [pool-2-thread-1] - Starting solr...
Mar 23, 2019 21:48:09 PM Information [pool-2-thread-1] - Starting archive...
Mar 23, 2019 21:48:09 PM Information [pool-2-thread-1] - Starting document...
Mar 23, 2019 21:48:09 PM Information [pool-2-thread-1] - Starting eventgateway...
Mar 23, 2019 21:48:09 PM Information [pool-2-thread-1] - Event Gateway Disabled.
Mar 23, 2019 21:48:09 PM Information [pool-2-thread-1] - Starting FlexAssembler...
Mar 23, 2019 21:48:09 PM Information [pool-2-thread-1] - Starting .NET...
Mar 23, 2019 21:48:09 PM Information [pool-2-thread-1] - Starting Monitoring...
Mar 23, 2019 21:48:09 PM Information [pool-2-thread-1] - Starting WebSocket...
Mar 23, 2019 21:48:09 PM Information [pool-2-thread-1] - WebSocket server listens on port: 8575
Mar 23, 2019 21:48:09 PM Information [pool-2-thread-1] - ColdFusion started
Mar 23, 2019 21:48:09 PM Information [pool-2-thread-1] - ColdFusion: application services are now available
03/23 21:48:09 INFO Macromedia Flex Build: 87315.134646
Mar 23, 2019 21:48:49 PM Information [catalina-exec-4] - Session rotated successfully.
Mar 23, 2019 21:48:49 PM Information [catalina-exec-4] - User admin logged in.
Mar 23, 2019 21:48:50 PM Information [catalina-exec-4] - Starting HTTP request {URL='http://www.adobe.com:80/go/coldfusion-updates', method='get'}
Mar 23, 2019 21:48:52 PM Information [catalina-exec-4] - HTTP request completed  {Status Code=200 ,Time taken=2503 ms}
Mar 23, 2019 21:48:56 PM Error [catalina-exec-4] - [Macromedia][MySQL JDBC Driver][MySQL]Access denied for user 'root'@'localhost' (using password: YES)
Mar 23, 2019 21:48:56 PM Error [catalina-exec-4] - [Macromedia][MySQL JDBC Driver][MySQL]Access denied for user 'root'@'localhost' (using password: YES)
Mar 23, 2019 21:51:55 PM Information [pool-2-thread-2] - ColdFusion stopped
03/23 21:52:13 INFO License Service: Flex 1.5 CF Edition enabled
03/23 21:52:13 INFO Starting Flex 1.5 CF Edition
Mar 23, 2019 21:52:13 PM Information [pool-2-thread-1] - Starting logging...
Mar 23, 2019 21:52:13 PM Information [pool-2-thread-1] - Starting license...
Mar 23, 2019 21:52:14 PM Information [pool-2-thread-1] - Invalid ColdFusion 10 license.
Mar 23, 2019 21:52:14 PM Information [pool-2-thread-1] - Invalid ColdFusion 10 license.
Mar 23, 2019 21:52:14 PM Information [pool-2-thread-1] - Invalid ColdFusion 10 license.
Mar 23, 2019 21:52:14 PM Information [pool-2-thread-1] - Developer Edition enabled
Mar 23, 2019 21:52:14 PM Information [pool-2-thread-1] - Starting crypto...
Mar 23, 2019 21:52:14 PM Information [pool-2-thread-1] - Installed JSafe JCE provider: Version 6.0 Crypto-J 6.0, EMC Corporation. JsafeJCE Security Provider (implements RSA, DSA, ECDSA, Diffie-Hellman, ECDH, AES, DES, Triple DES, DESX, RC2, RC4, RC5, PBE, MD2, MD5, RIPEMD160, SHA1, SHA224, SHA256, SHA384, SHA512, HMAC-MD5, HMAC-RIPEMD160, HMAC-SHA1, HMAC-SHA224, HMAC-SHA256, HMAC-SHA384, HMAC-SHA512, FIPS186PRNG, ECDRBG, HMACDRBG, SHA1PRNG, MD5PRNG; RFC 3394, RFC 5649 AES Key Wrap; X.509 CertificateFactory; PKCS12, PKCS15 KeyStore; X.509V1, PKIX, PKIX-SuiteB, PKIX-SuiteBTLS CertPathValidators; X.509V1, PKIX, PKIX-SuiteB, PKIX-SuiteBTLS CertPathBuilders; LDAP, Collection CertStores)
Mar 23, 2019 21:52:14 PM Information [pool-2-thread-1] - Starting security...
Mar 23, 2019 21:52:14 PM Information [pool-2-thread-1] - Starting scheduler...
Mar 23, 2019 21:52:14 PM Information [pool-2-thread-1] - Starting WatchService...
Mar 23, 2019 21:52:14 PM Information [pool-2-thread-1] - Starting debugging...
Mar 23, 2019 21:52:14 PM Information [pool-2-thread-1] - Starting sql...
Mar 23, 2019 21:52:15 PM Information [pool-2-thread-1] - Pool Manager Started
Mar 23, 2019 21:52:15 PM Information [pool-2-thread-1] - Starting mail...
Mar 23, 2019 21:52:16 PM Information [pool-2-thread-1] - Starting runtime...
Mar 23, 2019 21:52:16 PM Information [pool-2-thread-1] - CORBA Configuration not enabled
Mar 23, 2019 21:52:16 PM Information [pool-2-thread-1] - Starting cron...
Mar 23, 2019 21:52:16 PM Information [pool-2-thread-1] - Starting registry...
Mar 23, 2019 21:52:16 PM Information [pool-2-thread-1] - Starting client...
Mar 23, 2019 21:52:16 PM Information [pool-2-thread-1] - Starting xmlrpc...
Mar 23, 2019 21:52:16 PM Information [pool-2-thread-1] - Starting jaxrs...
Mar 23, 2019 21:52:16 PM Information [pool-2-thread-1] - Starting graphing...
Mar 23, 2019 21:52:16 PM Information [pool-2-thread-1] - Starting solr...
Mar 23, 2019 21:52:16 PM Information [pool-2-thread-1] - Starting archive...
Mar 23, 2019 21:52:16 PM Information [pool-2-thread-1] - Starting document...
Mar 23, 2019 21:52:16 PM Information [pool-2-thread-1] - Starting eventgateway...
Mar 23, 2019 21:52:16 PM Information [pool-2-thread-1] - Event Gateway Disabled.
Mar 23, 2019 21:52:16 PM Information [pool-2-thread-1] - Starting FlexAssembler...
Mar 23, 2019 21:52:16 PM Information [pool-2-thread-1] - Starting .NET...
Mar 23, 2019 21:52:16 PM Information [pool-2-thread-1] - Starting Monitoring...
Mar 23, 2019 21:52:16 PM Information [pool-2-thread-1] - Starting WebSocket...
Mar 23, 2019 21:52:17 PM Information [pool-2-thread-1] - WebSocket server listens on port: 8575
Mar 23, 2019 21:52:17 PM Information [pool-2-thread-1] - ColdFusion started
Mar 23, 2019 21:52:17 PM Information [pool-2-thread-1] - ColdFusion: application services are now available
03/23 21:52:17 INFO Macromedia Flex Build: 87315.134646
Mar 23, 2019 21:52:48 PM Information [catalina-exec-4] - Session rotated successfully.
Mar 23, 2019 21:52:48 PM Information [catalina-exec-4] - User admin logged in.
Mar 23, 2019 21:52:49 PM Information [catalina-exec-5] - Starting HTTP request {URL='http://www.adobe.com:80/go/coldfusion-updates', method='get'}
Mar 23, 2019 21:52:51 PM Information [catalina-exec-5] - HTTP request completed  {Status Code=200 ,Time taken=2394 ms}
Mar 23, 2019 21:52:54 PM Error [catalina-exec-5] - [Macromedia][MySQL JDBC Driver][MySQL]Access denied for user 'root'@'localhost' (using password: YES)
Mar 23, 2019 21:52:54 PM Error [catalina-exec-5] - [Macromedia][MySQL JDBC Driver][MySQL]Access denied for user 'root'@'localhost' (using password: YES)
Mar 23, 2019 22:01:28 PM Information [pool-2-thread-2] - ColdFusion stopped
03/23 22:03:43 INFO License Service: Flex 1.5 CF Edition enabled
03/23 22:03:43 INFO Starting Flex 1.5 CF Edition
Mar 23, 2019 22:03:43 PM Information [pool-2-thread-1] - Starting logging...
Mar 23, 2019 22:03:43 PM Information [pool-2-thread-1] - Starting license...
Mar 23, 2019 22:03:44 PM Information [pool-2-thread-1] - Invalid ColdFusion 10 license.
Mar 23, 2019 22:03:44 PM Information [pool-2-thread-1] - Invalid ColdFusion 10 license.
Mar 23, 2019 22:03:44 PM Information [pool-2-thread-1] - Invalid ColdFusion 10 license.
Mar 23, 2019 22:03:44 PM Information [pool-2-thread-1] - Developer Edition enabled
Mar 23, 2019 22:03:44 PM Information [pool-2-thread-1] - Starting crypto...
Mar 23, 2019 22:03:44 PM Information [pool-2-thread-1] - Installed JSafe JCE provider: Version 6.0 Crypto-J 6.0, EMC Corporation. JsafeJCE Security Provider (implements RSA, DSA, ECDSA, Diffie-Hellman, ECDH, AES, DES, Triple DES, DESX, RC2, RC4, RC5, PBE, MD2, MD5, RIPEMD160, SHA1, SHA224, SHA256, SHA384, SHA512, HMAC-MD5, HMAC-RIPEMD160, HMAC-SHA1, HMAC-SHA224, HMAC-SHA256, HMAC-SHA384, HMAC-SHA512, FIPS186PRNG, ECDRBG, HMACDRBG, SHA1PRNG, MD5PRNG; RFC 3394, RFC 5649 AES Key Wrap; X.509 CertificateFactory; PKCS12, PKCS15 KeyStore; X.509V1, PKIX, PKIX-SuiteB, PKIX-SuiteBTLS CertPathValidators; X.509V1, PKIX, PKIX-SuiteB, PKIX-SuiteBTLS CertPathBuilders; LDAP, Collection CertStores)
Mar 23, 2019 22:03:44 PM Information [pool-2-thread-1] - Starting security...
Mar 23, 2019 22:03:45 PM Information [pool-2-thread-1] - Starting scheduler...
Mar 23, 2019 22:03:45 PM Information [pool-2-thread-1] - Starting WatchService...
Mar 23, 2019 22:03:45 PM Information [pool-2-thread-1] - Starting debugging...
Mar 23, 2019 22:03:45 PM Information [pool-2-thread-1] - Starting sql...
Mar 23, 2019 22:03:45 PM Information [pool-2-thread-1] - Pool Manager Started
Mar 23, 2019 22:03:46 PM Information [pool-2-thread-1] - Starting mail...
Mar 23, 2019 22:03:46 PM Information [pool-2-thread-1] - Starting runtime...
Mar 23, 2019 22:03:46 PM Information [pool-2-thread-1] - CORBA Configuration not enabled
Mar 23, 2019 22:03:46 PM Information [pool-2-thread-1] - Starting cron...
Mar 23, 2019 22:03:46 PM Information [pool-2-thread-1] - Starting registry...
Mar 23, 2019 22:03:46 PM Information [pool-2-thread-1] - Starting client...
Mar 23, 2019 22:03:46 PM Information [pool-2-thread-1] - Starting xmlrpc...
Mar 23, 2019 22:03:47 PM Information [pool-2-thread-1] - Starting jaxrs...
Mar 23, 2019 22:03:47 PM Information [pool-2-thread-1] - Starting graphing...
Mar 23, 2019 22:03:47 PM Information [pool-2-thread-1] - Starting solr...
Mar 23, 2019 22:03:47 PM Information [pool-2-thread-1] - Starting archive...
Mar 23, 2019 22:03:47 PM Information [pool-2-thread-1] - Starting document...
Mar 23, 2019 22:03:47 PM Information [pool-2-thread-1] - Starting eventgateway...
Mar 23, 2019 22:03:47 PM Information [pool-2-thread-1] - Event Gateway Disabled.
Mar 23, 2019 22:03:47 PM Information [pool-2-thread-1] - Starting FlexAssembler...
Mar 23, 2019 22:03:47 PM Information [pool-2-thread-1] - Starting .NET...
Mar 23, 2019 22:03:47 PM Information [pool-2-thread-1] - Starting Monitoring...
Mar 23, 2019 22:03:47 PM Information [pool-2-thread-1] - Starting WebSocket...
Mar 23, 2019 22:03:47 PM Information [pool-2-thread-1] - WebSocket server listens on port: 8575
Mar 23, 2019 22:03:47 PM Information [pool-2-thread-1] - ColdFusion started
Mar 23, 2019 22:03:47 PM Information [pool-2-thread-1] - ColdFusion: application services are now available
03/23 22:03:47 INFO Macromedia Flex Build: 87315.134646
Mar 23, 2019 22:04:00 PM Information [catalina-exec-4] - Session rotated successfully.
Mar 23, 2019 22:04:00 PM Information [catalina-exec-4] - User admin logged in.
Mar 23, 2019 22:04:01 PM Information [catalina-exec-5] - Starting HTTP request {URL='http://www.adobe.com:80/go/coldfusion-updates', method='get'}
Mar 23, 2019 22:04:06 PM Information [catalina-exec-5] - HTTP request completed  {Status Code=200 ,Time taken=4376 ms}
Mar 23, 2019 22:04:07 PM Error [catalina-exec-5] - [Macromedia][MySQL JDBC Driver][MySQL]Access denied for user 'root'@'localhost' (using password: YES)
Mar 23, 2019 22:04:07 PM Error [catalina-exec-5] - [Macromedia][MySQL JDBC Driver][MySQL]Access denied for user 'root'@'localhost' (using password: YES)
Mar 23, 2019 22:04:26 PM Error [catalina-exec-5] - [Macromedia][MySQL JDBC Driver][MySQL]Access denied for user 'root'@'localhost' (using password: YES)
Mar 23, 2019 22:04:26 PM Error [catalina-exec-5] - [Macromedia][MySQL JDBC Driver][MySQL]Access denied for user 'root'@'localhost' (using password: YES)
Mar 23, 2019 22:09:45 PM Information [pool-2-thread-2] - ColdFusion stopped
03/23 22:11:23 INFO License Service: Flex 1.5 CF Edition enabled
03/23 22:11:23 INFO Starting Flex 1.5 CF Edition
Mar 23, 2019 22:11:23 PM Information [pool-2-thread-1] - Starting logging...
Mar 23, 2019 22:11:23 PM Information [pool-2-thread-1] - Starting license...
Mar 23, 2019 22:11:23 PM Information [pool-2-thread-1] - Invalid ColdFusion 10 license.
Mar 23, 2019 22:11:23 PM Information [pool-2-thread-1] - Invalid ColdFusion 10 license.
Mar 23, 2019 22:11:23 PM Information [pool-2-thread-1] - Invalid ColdFusion 10 license.
Mar 23, 2019 22:11:23 PM Information [pool-2-thread-1] - Developer Edition enabled
Mar 23, 2019 22:11:24 PM Information [pool-2-thread-1] - Starting crypto...
Mar 23, 2019 22:11:24 PM Information [pool-2-thread-1] - Installed JSafe JCE provider: Version 6.0 Crypto-J 6.0, EMC Corporation. JsafeJCE Security Provider (implements RSA, DSA, ECDSA, Diffie-Hellman, ECDH, AES, DES, Triple DES, DESX, RC2, RC4, RC5, PBE, MD2, MD5, RIPEMD160, SHA1, SHA224, SHA256, SHA384, SHA512, HMAC-MD5, HMAC-RIPEMD160, HMAC-SHA1, HMAC-SHA224, HMAC-SHA256, HMAC-SHA384, HMAC-SHA512, FIPS186PRNG, ECDRBG, HMACDRBG, SHA1PRNG, MD5PRNG; RFC 3394, RFC 5649 AES Key Wrap; X.509 CertificateFactory; PKCS12, PKCS15 KeyStore; X.509V1, PKIX, PKIX-SuiteB, PKIX-SuiteBTLS CertPathValidators; X.509V1, PKIX, PKIX-SuiteB, PKIX-SuiteBTLS CertPathBuilders; LDAP, Collection CertStores)
Mar 23, 2019 22:11:24 PM Information [pool-2-thread-1] - Starting security...
Mar 23, 2019 22:11:24 PM Information [pool-2-thread-1] - Starting scheduler...
Mar 23, 2019 22:11:24 PM Information [pool-2-thread-1] - Starting WatchService...
Mar 23, 2019 22:11:25 PM Information [pool-2-thread-1] - Starting debugging...
Mar 23, 2019 22:11:25 PM Information [pool-2-thread-1] - Starting sql...
Mar 23, 2019 22:11:25 PM Information [pool-2-thread-1] - Pool Manager Started
Mar 23, 2019 22:11:26 PM Information [pool-2-thread-1] - Starting mail...
Mar 23, 2019 22:11:26 PM Information [pool-2-thread-1] - Starting runtime...
Mar 23, 2019 22:11:26 PM Information [pool-2-thread-1] - CORBA Configuration not enabled
Mar 23, 2019 22:11:26 PM Information [pool-2-thread-1] - Starting cron...
Mar 23, 2019 22:11:26 PM Information [pool-2-thread-1] - Starting registry...
Mar 23, 2019 22:11:26 PM Information [pool-2-thread-1] - Starting client...
Mar 23, 2019 22:11:26 PM Information [pool-2-thread-1] - Starting xmlrpc...
Mar 23, 2019 22:11:26 PM Information [pool-2-thread-1] - Starting jaxrs...
Mar 23, 2019 22:11:26 PM Information [pool-2-thread-1] - Starting graphing...
Mar 23, 2019 22:11:26 PM Information [pool-2-thread-1] - Starting solr...
Mar 23, 2019 22:11:26 PM Information [pool-2-thread-1] - Starting archive...
Mar 23, 2019 22:11:26 PM Information [pool-2-thread-1] - Starting document...
Mar 23, 2019 22:11:26 PM Information [pool-2-thread-1] - Starting eventgateway...
Mar 23, 2019 22:11:26 PM Information [pool-2-thread-1] - Event Gateway Disabled.
Mar 23, 2019 22:11:26 PM Information [pool-2-thread-1] - Starting FlexAssembler...
Mar 23, 2019 22:11:26 PM Information [pool-2-thread-1] - Starting .NET...
Mar 23, 2019 22:11:26 PM Information [pool-2-thread-1] - Starting Monitoring...
Mar 23, 2019 22:11:27 PM Information [pool-2-thread-1] - Starting WebSocket...
Mar 23, 2019 22:11:27 PM Information [pool-2-thread-1] - WebSocket server listens on port: 8575
Mar 23, 2019 22:11:27 PM Information [pool-2-thread-1] - ColdFusion started
Mar 23, 2019 22:11:27 PM Information [pool-2-thread-1] - ColdFusion: application services are now available
03/23 22:11:27 INFO Macromedia Flex Build: 87315.134646
Mar 23, 2019 22:11:56 PM Information [catalina-exec-4] - Session rotated successfully.
Mar 23, 2019 22:11:56 PM Information [catalina-exec-4] - User admin logged in.
Mar 23, 2019 22:11:57 PM Information [catalina-exec-5] - Starting HTTP request {URL='http://www.adobe.com:80/go/coldfusion-updates', method='get'}
Mar 23, 2019 22:12:00 PM Information [catalina-exec-5] - HTTP request completed  {Status Code=200 ,Time taken=2478 ms}
Mar 23, 2019 22:12:03 PM Error [catalina-exec-5] - [Macromedia][MySQL JDBC Driver][MySQL]Access denied for user 'root'@'localhost' (using password: YES)
Mar 23, 2019 22:12:03 PM Error [catalina-exec-5] - [Macromedia][MySQL JDBC Driver][MySQL]Access denied for user 'root'@'localhost' (using password: YES)
Mar 23, 2019 22:14:02 PM Information [pool-2-thread-2] - ColdFusion stopped
03/23 22:14:58 INFO License Service: Flex 1.5 CF Edition enabled
03/23 22:14:58 INFO Starting Flex 1.5 CF Edition
Mar 23, 2019 22:14:58 PM Information [pool-2-thread-1] - Starting logging...
Mar 23, 2019 22:14:58 PM Information [pool-2-thread-1] - Starting license...
Mar 23, 2019 22:14:59 PM Information [pool-2-thread-1] - Invalid ColdFusion 10 license.
Mar 23, 2019 22:14:59 PM Information [pool-2-thread-1] - Invalid ColdFusion 10 license.
Mar 23, 2019 22:14:59 PM Information [pool-2-thread-1] - Invalid ColdFusion 10 license.
Mar 23, 2019 22:14:59 PM Information [pool-2-thread-1] - Developer Edition enabled
Mar 23, 2019 22:14:59 PM Information [pool-2-thread-1] - Starting crypto...
Mar 23, 2019 22:15:00 PM Information [pool-2-thread-1] - Installed JSafe JCE provider: Version 6.0 Crypto-J 6.0, EMC Corporation. JsafeJCE Security Provider (implements RSA, DSA, ECDSA, Diffie-Hellman, ECDH, AES, DES, Triple DES, DESX, RC2, RC4, RC5, PBE, MD2, MD5, RIPEMD160, SHA1, SHA224, SHA256, SHA384, SHA512, HMAC-MD5, HMAC-RIPEMD160, HMAC-SHA1, HMAC-SHA224, HMAC-SHA256, HMAC-SHA384, HMAC-SHA512, FIPS186PRNG, ECDRBG, HMACDRBG, SHA1PRNG, MD5PRNG; RFC 3394, RFC 5649 AES Key Wrap; X.509 CertificateFactory; PKCS12, PKCS15 KeyStore; X.509V1, PKIX, PKIX-SuiteB, PKIX-SuiteBTLS CertPathValidators; X.509V1, PKIX, PKIX-SuiteB, PKIX-SuiteBTLS CertPathBuilders; LDAP, Collection CertStores)
Mar 23, 2019 22:15:00 PM Information [pool-2-thread-1] - Starting security...
Mar 23, 2019 22:15:00 PM Information [pool-2-thread-1] - Starting scheduler...
Mar 23, 2019 22:15:00 PM Information [pool-2-thread-1] - Starting WatchService...
Mar 23, 2019 22:15:00 PM Information [pool-2-thread-1] - Starting debugging...
Mar 23, 2019 22:15:00 PM Information [pool-2-thread-1] - Starting sql...
Mar 23, 2019 22:15:00 PM Information [pool-2-thread-1] - Pool Manager Started
Mar 23, 2019 22:15:01 PM Information [pool-2-thread-1] - Starting mail...
Mar 23, 2019 22:15:01 PM Information [pool-2-thread-1] - Starting runtime...
Mar 23, 2019 22:15:01 PM Information [pool-2-thread-1] - CORBA Configuration not enabled
Mar 23, 2019 22:15:01 PM Information [pool-2-thread-1] - Starting cron...
Mar 23, 2019 22:15:01 PM Information [pool-2-thread-1] - Starting registry...
Mar 23, 2019 22:15:01 PM Information [pool-2-thread-1] - Starting client...
Mar 23, 2019 22:15:01 PM Information [pool-2-thread-1] - Starting xmlrpc...
Mar 23, 2019 22:15:02 PM Information [pool-2-thread-1] - Starting jaxrs...
Mar 23, 2019 22:15:02 PM Information [pool-2-thread-1] - Starting graphing...
Mar 23, 2019 22:15:02 PM Information [pool-2-thread-1] - Starting solr...
Mar 23, 2019 22:15:02 PM Information [pool-2-thread-1] - Starting archive...
Mar 23, 2019 22:15:02 PM Information [pool-2-thread-1] - Starting document...
Mar 23, 2019 22:15:02 PM Information [pool-2-thread-1] - Starting eventgateway...
Mar 23, 2019 22:15:02 PM Information [pool-2-thread-1] - Event Gateway Disabled.
Mar 23, 2019 22:15:02 PM Information [pool-2-thread-1] - Starting FlexAssembler...
Mar 23, 2019 22:15:02 PM Information [pool-2-thread-1] - Starting .NET...
Mar 23, 2019 22:15:02 PM Information [pool-2-thread-1] - Starting Monitoring...
Mar 23, 2019 22:15:02 PM Information [pool-2-thread-1] - Starting WebSocket...
Mar 23, 2019 22:15:02 PM Information [pool-2-thread-1] - WebSocket server listens on port: 8575
Mar 23, 2019 22:15:02 PM Information [pool-2-thread-1] - ColdFusion started
Mar 23, 2019 22:15:02 PM Information [pool-2-thread-1] - ColdFusion: application services are now available
03/23 22:15:02 INFO Macromedia Flex Build: 87315.134646
Mar 23, 2019 22:15:25 PM Information [catalina-exec-4] - Session rotated successfully.
Mar 23, 2019 22:15:25 PM Information [catalina-exec-4] - User admin logged in.
Mar 23, 2019 22:15:26 PM Information [catalina-exec-5] - Starting HTTP request {URL='http://www.adobe.com:80/go/coldfusion-updates', method='get'}
Mar 23, 2019 22:15:28 PM Information [catalina-exec-5] - HTTP request completed  {Status Code=200 ,Time taken=2524 ms}
Mar 23, 2019 22:15:50 PM Information [catalina-exec-5] - User admin added datasource cw3_ds.
Mar 23, 2019 22:15:55 PM Error [catalina-exec-5] - Could not create connection to database server. Attempted reconnect 3 times. Giving up.
Mar 23, 2019 22:15:59 PM Error [catalina-exec-5] - Could not create connection to database server. Attempted reconnect 3 times. Giving up.
Mar 23, 2019 22:19:13 PM Information [catalina-exec-3] - User admin added datasource cw3_ds.
Mar 23, 2019 22:19:17 PM Error [catalina-exec-3] - Could not create connection to database server. Attempted reconnect 3 times. Giving up.
Mar 23, 2019 22:19:21 PM Error [catalina-exec-3] - Could not create connection to database server. Attempted reconnect 3 times. Giving up.
Mar 23, 2019 22:35:59 PM Error [catalina-exec-6] - Could not create connection to database server. Attempted reconnect 3 times. Giving up.
Mar 23, 2019 22:37:36 PM Information [pool-2-thread-2] - ColdFusion stopped
03/23 22:39:36 INFO License Service: Flex 1.5 CF Edition enabled
03/23 22:39:36 INFO Starting Flex 1.5 CF Edition
Mar 23, 2019 22:39:36 PM Information [pool-2-thread-1] - Starting logging...
Mar 23, 2019 22:39:36 PM Information [pool-2-thread-1] - Starting license...
Mar 23, 2019 22:39:37 PM Information [pool-2-thread-1] - Invalid ColdFusion 10 license.
Mar 23, 2019 22:39:37 PM Information [pool-2-thread-1] - Invalid ColdFusion 10 license.
Mar 23, 2019 22:39:37 PM Information [pool-2-thread-1] - Invalid ColdFusion 10 license.
Mar 23, 2019 22:39:37 PM Information [pool-2-thread-1] - Developer Edition enabled
Mar 23, 2019 22:39:37 PM Information [pool-2-thread-1] - Starting crypto...
Mar 23, 2019 22:39:37 PM Information [pool-2-thread-1] - Installed JSafe JCE provider: Version 6.0 Crypto-J 6.0, EMC Corporation. JsafeJCE Security Provider (implements RSA, DSA, ECDSA, Diffie-Hellman, ECDH, AES, DES, Triple DES, DESX, RC2, RC4, RC5, PBE, MD2, MD5, RIPEMD160, SHA1, SHA224, SHA256, SHA384, SHA512, HMAC-MD5, HMAC-RIPEMD160, HMAC-SHA1, HMAC-SHA224, HMAC-SHA256, HMAC-SHA384, HMAC-SHA512, FIPS186PRNG, ECDRBG, HMACDRBG, SHA1PRNG, MD5PRNG; RFC 3394, RFC 5649 AES Key Wrap; X.509 CertificateFactory; PKCS12, PKCS15 KeyStore; X.509V1, PKIX, PKIX-SuiteB, PKIX-SuiteBTLS CertPathValidators; X.509V1, PKIX, PKIX-SuiteB, PKIX-SuiteBTLS CertPathBuilders; LDAP, Collection CertStores)
Mar 23, 2019 22:39:37 PM Information [pool-2-thread-1] - Starting security...
Mar 23, 2019 22:39:38 PM Information [pool-2-thread-1] - Starting scheduler...
Mar 23, 2019 22:39:38 PM Information [pool-2-thread-1] - Starting WatchService...
Mar 23, 2019 22:39:38 PM Information [pool-2-thread-1] - Starting debugging...
Mar 23, 2019 22:39:38 PM Information [pool-2-thread-1] - Starting sql...
Mar 23, 2019 22:39:38 PM Information [pool-2-thread-1] - Pool Manager Started
Mar 23, 2019 22:39:39 PM Information [pool-2-thread-1] - Starting mail...
Mar 23, 2019 22:39:39 PM Information [pool-2-thread-1] - Starting runtime...
Mar 23, 2019 22:39:39 PM Information [pool-2-thread-1] - CORBA Configuration not enabled
Mar 23, 2019 22:39:39 PM Information [pool-2-thread-1] - Starting cron...
Mar 23, 2019 22:39:39 PM Information [pool-2-thread-1] - Starting registry...
Mar 23, 2019 22:39:39 PM Information [pool-2-thread-1] - Starting client...
Mar 23, 2019 22:39:39 PM Information [pool-2-thread-1] - Starting xmlrpc...
Mar 23, 2019 22:39:39 PM Information [pool-2-thread-1] - Starting jaxrs...
Mar 23, 2019 22:39:39 PM Information [pool-2-thread-1] - Starting graphing...
Mar 23, 2019 22:39:39 PM Information [pool-2-thread-1] - Starting solr...
Mar 23, 2019 22:39:39 PM Information [pool-2-thread-1] - Starting archive...
Mar 23, 2019 22:39:39 PM Information [pool-2-thread-1] - Starting document...
Mar 23, 2019 22:39:39 PM Information [pool-2-thread-1] - Starting eventgateway...
Mar 23, 2019 22:39:39 PM Information [pool-2-thread-1] - Event Gateway Disabled.
Mar 23, 2019 22:39:40 PM Information [pool-2-thread-1] - Starting FlexAssembler...
Mar 23, 2019 22:39:40 PM Information [pool-2-thread-1] - Starting .NET...
Mar 23, 2019 22:39:40 PM Information [pool-2-thread-1] - Starting Monitoring...
Mar 23, 2019 22:39:40 PM Information [pool-2-thread-1] - Starting WebSocket...
Mar 23, 2019 22:39:40 PM Information [pool-2-thread-1] - WebSocket server listens on port: 8575
Mar 23, 2019 22:39:40 PM Information [pool-2-thread-1] - ColdFusion started
Mar 23, 2019 22:39:40 PM Information [pool-2-thread-1] - ColdFusion: application services are now available
03/23 22:39:40 INFO Macromedia Flex Build: 87315.134646
Mar 23, 2019 22:40:22 PM Information [catalina-exec-4] - Session rotated successfully.
Mar 23, 2019 22:40:22 PM Information [catalina-exec-4] - User admin logged in.
Mar 23, 2019 22:40:23 PM Information [catalina-exec-5] - Starting HTTP request {URL='http://www.adobe.com:80/go/coldfusion-updates', method='get'}
Mar 23, 2019 22:40:25 PM Information [catalina-exec-5] - HTTP request completed  {Status Code=200 ,Time taken=2364 ms}
Mar 23, 2019 22:40:44 PM Information [catalina-exec-5] - User admin added datasource cw3_ds.
Mar 23, 2019 22:40:48 PM Error [catalina-exec-5] - Could not create connection to database server. Attempted reconnect 3 times. Giving up.
Mar 23, 2019 22:40:52 PM Error [catalina-exec-5] - Could not create connection to database server. Attempted reconnect 3 times. Giving up.
Mar 23, 2019 22:41:26 PM Information [pool-2-thread-2] - ColdFusion stopped
03/23 22:41:57 INFO License Service: Flex 1.5 CF Edition enabled
03/23 22:41:57 INFO Starting Flex 1.5 CF Edition
Mar 23, 2019 22:41:57 PM Information [pool-2-thread-1] - Starting logging...
Mar 23, 2019 22:41:57 PM Information [pool-2-thread-1] - Starting license...
Mar 23, 2019 22:41:58 PM Information [pool-2-thread-1] - Invalid ColdFusion 10 license.
Mar 23, 2019 22:41:58 PM Information [pool-2-thread-1] - Invalid ColdFusion 10 license.
Mar 23, 2019 22:41:58 PM Information [pool-2-thread-1] - Invalid ColdFusion 10 license.
Mar 23, 2019 22:41:58 PM Information [pool-2-thread-1] - Developer Edition enabled
Mar 23, 2019 22:41:58 PM Information [pool-2-thread-1] - Starting crypto...
Mar 23, 2019 22:41:59 PM Information [pool-2-thread-1] - Installed JSafe JCE provider: Version 6.0 Crypto-J 6.0, EMC Corporation. JsafeJCE Security Provider (implements RSA, DSA, ECDSA, Diffie-Hellman, ECDH, AES, DES, Triple DES, DESX, RC2, RC4, RC5, PBE, MD2, MD5, RIPEMD160, SHA1, SHA224, SHA256, SHA384, SHA512, HMAC-MD5, HMAC-RIPEMD160, HMAC-SHA1, HMAC-SHA224, HMAC-SHA256, HMAC-SHA384, HMAC-SHA512, FIPS186PRNG, ECDRBG, HMACDRBG, SHA1PRNG, MD5PRNG; RFC 3394, RFC 5649 AES Key Wrap; X.509 CertificateFactory; PKCS12, PKCS15 KeyStore; X.509V1, PKIX, PKIX-SuiteB, PKIX-SuiteBTLS CertPathValidators; X.509V1, PKIX, PKIX-SuiteB, PKIX-SuiteBTLS CertPathBuilders; LDAP, Collection CertStores)
Mar 23, 2019 22:41:59 PM Information [pool-2-thread-1] - Starting security...
Mar 23, 2019 22:41:59 PM Information [pool-2-thread-1] - Starting scheduler...
Mar 23, 2019 22:41:59 PM Information [pool-2-thread-1] - Starting WatchService...
Mar 23, 2019 22:41:59 PM Information [pool-2-thread-1] - Starting debugging...
Mar 23, 2019 22:41:59 PM Information [pool-2-thread-1] - Starting sql...
Mar 23, 2019 22:41:59 PM Information [pool-2-thread-1] - Pool Manager Started
Mar 23, 2019 22:42:01 PM Information [pool-2-thread-1] - Starting mail...
Mar 23, 2019 22:42:01 PM Information [pool-2-thread-1] - Starting runtime...
Mar 23, 2019 22:42:01 PM Information [pool-2-thread-1] - CORBA Configuration not enabled
Mar 23, 2019 22:42:01 PM Information [pool-2-thread-1] - Starting cron...
Mar 23, 2019 22:42:01 PM Information [pool-2-thread-1] - Starting registry...
Mar 23, 2019 22:42:01 PM Information [pool-2-thread-1] - Starting client...
Mar 23, 2019 22:42:01 PM Information [pool-2-thread-1] - Starting xmlrpc...
Mar 23, 2019 22:42:02 PM Information [pool-2-thread-1] - Starting jaxrs...
Mar 23, 2019 22:42:02 PM Information [pool-2-thread-1] - Starting graphing...
Mar 23, 2019 22:42:02 PM Information [pool-2-thread-1] - Starting solr...
Mar 23, 2019 22:42:02 PM Information [pool-2-thread-1] - Starting archive...
Mar 23, 2019 22:42:02 PM Information [pool-2-thread-1] - Starting document...
Mar 23, 2019 22:42:02 PM Information [pool-2-thread-1] - Starting eventgateway...
Mar 23, 2019 22:42:02 PM Information [pool-2-thread-1] - Event Gateway Disabled.
Mar 23, 2019 22:42:02 PM Information [pool-2-thread-1] - Starting FlexAssembler...
Mar 23, 2019 22:42:02 PM Information [pool-2-thread-1] - Starting .NET...
Mar 23, 2019 22:42:02 PM Information [pool-2-thread-1] - Starting Monitoring...
Mar 23, 2019 22:42:02 PM Information [pool-2-thread-1] - Starting WebSocket...
Mar 23, 2019 22:42:02 PM Information [pool-2-thread-1] - WebSocket server listens on port: 8575
Mar 23, 2019 22:42:02 PM Information [pool-2-thread-1] - ColdFusion started
Mar 23, 2019 22:42:02 PM Information [pool-2-thread-1] - ColdFusion: application services are now available
03/23 22:42:02 INFO Macromedia Flex Build: 87315.134646
Mar 23, 2019 22:43:37 PM Information [catalina-exec-3] - Session rotated successfully.
Mar 23, 2019 22:43:37 PM Information [catalina-exec-3] - User admin logged in.
Mar 23, 2019 22:43:38 PM Information [catalina-exec-5] - Starting HTTP request {URL='http://www.adobe.com:80/go/coldfusion-updates', method='get'}
Mar 23, 2019 22:43:40 PM Information [catalina-exec-5] - HTTP request completed  {Status Code=200 ,Time taken=2114 ms}
Mar 23, 2019 22:44:02 PM Error [catalina-exec-4] - Could not create connection to database server. Attempted reconnect 3 times. Giving up.
Mar 23, 2019 22:44:33 PM Information [catalina-exec-3] - User admin added datasource cw3_ds.
Mar 23, 2019 22:44:38 PM Error [catalina-exec-3] - Could not create connection to database server. Attempted reconnect 3 times. Giving up.
Mar 23, 2019 22:44:42 PM Error [catalina-exec-3] - Could not create connection to database server. Attempted reconnect 3 times. Giving up.
Mar 23, 2019 22:55:56 PM Information [catalina-exec-9] - User admin logged out
Mar 23, 2019 23:25:52 PM Information [pool-2-thread-2] - ColdFusion stopped
03/24 00:51:05 INFO License Service: Flex 1.5 CF Edition enabled
03/24 00:51:05 INFO Starting Flex 1.5 CF Edition
Mar 24, 2019 00:51:05 AM Information [pool-2-thread-1] - Starting logging...
Mar 24, 2019 00:51:05 AM Information [pool-2-thread-1] - Starting license...
Mar 24, 2019 00:51:06 AM Information [pool-2-thread-1] - Invalid ColdFusion 10 license.
Mar 24, 2019 00:51:06 AM Information [pool-2-thread-1] - Invalid ColdFusion 10 license.
Mar 24, 2019 00:51:06 AM Information [pool-2-thread-1] - Invalid ColdFusion 10 license.
Mar 24, 2019 00:51:06 AM Information [pool-2-thread-1] - Developer Edition enabled
Mar 24, 2019 00:51:06 AM Information [pool-2-thread-1] - Starting crypto...
Mar 24, 2019 00:51:06 AM Information [pool-2-thread-1] - Installed JSafe JCE provider: Version 6.0 Crypto-J 6.0, EMC Corporation. JsafeJCE Security Provider (implements RSA, DSA, ECDSA, Diffie-Hellman, ECDH, AES, DES, Triple DES, DESX, RC2, RC4, RC5, PBE, MD2, MD5, RIPEMD160, SHA1, SHA224, SHA256, SHA384, SHA512, HMAC-MD5, HMAC-RIPEMD160, HMAC-SHA1, HMAC-SHA224, HMAC-SHA256, HMAC-SHA384, HMAC-SHA512, FIPS186PRNG, ECDRBG, HMACDRBG, SHA1PRNG, MD5PRNG; RFC 3394, RFC 5649 AES Key Wrap; X.509 CertificateFactory; PKCS12, PKCS15 KeyStore; X.509V1, PKIX, PKIX-SuiteB, PKIX-SuiteBTLS CertPathValidators; X.509V1, PKIX, PKIX-SuiteB, PKIX-SuiteBTLS CertPathBuilders; LDAP, Collection CertStores)
Mar 24, 2019 00:51:06 AM Information [pool-2-thread-1] - Starting security...
Mar 24, 2019 00:51:07 AM Information [pool-2-thread-1] - Starting scheduler...
Mar 24, 2019 00:51:07 AM Information [pool-2-thread-1] - Starting WatchService...
Mar 24, 2019 00:51:07 AM Information [pool-2-thread-1] - Starting debugging...
Mar 24, 2019 00:51:07 AM Information [pool-2-thread-1] - Starting sql...
Mar 24, 2019 00:51:07 AM Information [pool-2-thread-1] - Pool Manager Started
Mar 24, 2019 00:51:08 AM Information [pool-2-thread-1] - Starting mail...
Mar 24, 2019 00:51:08 AM Information [pool-2-thread-1] - Starting runtime...
Mar 24, 2019 00:51:08 AM Information [pool-2-thread-1] - CORBA Configuration not enabled
Mar 24, 2019 00:51:08 AM Information [pool-2-thread-1] - Starting cron...
Mar 24, 2019 00:51:08 AM Information [pool-2-thread-1] - Starting registry...
Mar 24, 2019 00:51:08 AM Information [pool-2-thread-1] - Starting client...
Mar 24, 2019 00:51:08 AM Information [pool-2-thread-1] - Starting xmlrpc...
Mar 24, 2019 00:51:08 AM Information [pool-2-thread-1] - Starting jaxrs...
Mar 24, 2019 00:51:08 AM Information [pool-2-thread-1] - Starting graphing...
Mar 24, 2019 00:51:08 AM Information [pool-2-thread-1] - Starting solr...
Mar 24, 2019 00:51:08 AM Information [pool-2-thread-1] - Starting archive...
Mar 24, 2019 00:51:08 AM Information [pool-2-thread-1] - Starting document...
Mar 24, 2019 00:51:08 AM Information [pool-2-thread-1] - Starting eventgateway...
Mar 24, 2019 00:51:08 AM Information [pool-2-thread-1] - Event Gateway Disabled.
Mar 24, 2019 00:51:08 AM Information [pool-2-thread-1] - Starting FlexAssembler...
Mar 24, 2019 00:51:08 AM Information [pool-2-thread-1] - Starting .NET...
Mar 24, 2019 00:51:08 AM Information [pool-2-thread-1] - Starting Monitoring...
Mar 24, 2019 00:51:08 AM Information [pool-2-thread-1] - Starting WebSocket...
Mar 24, 2019 00:51:09 AM Information [pool-2-thread-1] - WebSocket server listens on port: 8575
Mar 24, 2019 00:51:09 AM Information [pool-2-thread-1] - ColdFusion started
Mar 24, 2019 00:51:09 AM Information [pool-2-thread-1] - ColdFusion: application services are now available
03/24 00:51:09 INFO Macromedia Flex Build: 87315.134646
Mar 24, 2019 00:51:19 AM Information [catalina-exec-4] - Session rotated successfully.
Mar 24, 2019 00:51:19 AM Information [catalina-exec-4] - User admin logged in.
Mar 24, 2019 00:51:20 AM Information [catalina-exec-5] - Starting HTTP request {URL='http://www.adobe.com:80/go/coldfusion-updates', method='get'}
Mar 24, 2019 00:51:22 AM Information [catalina-exec-5] - HTTP request completed  {Status Code=200 ,Time taken=2228 ms}
Mar 24, 2019 00:51:40 AM Warning [catalina-exec-4] - There was an error while verifying the token. Either the session timed out or un-authenticated access is suspected.
Mar 24, 2019 00:51:56 AM Information [catalina-exec-4] - Session rotated successfully.
Mar 24, 2019 00:51:56 AM Information [catalina-exec-4] - User admin logged in.
Mar 24, 2019 00:51:57 AM Information [catalina-exec-4] - Starting HTTP request {URL='http://www.adobe.com:80/go/coldfusion-updates', method='get'}
Mar 24, 2019 00:51:58 AM Information [catalina-exec-4] - HTTP request completed  {Status Code=200 ,Time taken=911 ms}
Mar 24, 2019 00:52:41 AM Warning [catalina-exec-3] - There was an error while verifying the token. Either the session timed out or un-authenticated access is suspected.
Mar 24, 2019 00:53:14 AM Information [catalina-exec-4] - Session rotated successfully.
Mar 24, 2019 00:53:14 AM Information [catalina-exec-4] - User admin logged in.
Mar 24, 2019 00:53:15 AM Information [catalina-exec-6] - Starting HTTP request {URL='http://www.adobe.com:80/go/coldfusion-updates', method='get'}
Mar 24, 2019 00:53:16 AM Information [catalina-exec-6] - HTTP request completed  {Status Code=200 ,Time taken=969 ms}
Mar 24, 2019 00:53:39 AM Warning [catalina-exec-6] - There was an error while verifying the token. Either the session timed out or un-authenticated access is suspected.
Mar 24, 2019 00:55:34 AM Information [pool-2-thread-2] - ColdFusion stopped
03/24 08:36:31 INFO License Service: Flex 1.5 CF Edition enabled
03/24 08:36:31 INFO Starting Flex 1.5 CF Edition
Mar 24, 2019 08:36:31 AM Information [pool-2-thread-1] - Starting logging...
Mar 24, 2019 08:36:31 AM Information [pool-2-thread-1] - Starting license...
Mar 24, 2019 08:36:32 AM Information [pool-2-thread-1] - Invalid ColdFusion 10 license.
Mar 24, 2019 08:36:32 AM Information [pool-2-thread-1] - Invalid ColdFusion 10 license.
Mar 24, 2019 08:36:32 AM Information [pool-2-thread-1] - Invalid ColdFusion 10 license.
Mar 24, 2019 08:36:32 AM Information [pool-2-thread-1] - Developer Edition enabled
Mar 24, 2019 08:36:32 AM Information [pool-2-thread-1] - Starting crypto...
Mar 24, 2019 08:36:32 AM Information [pool-2-thread-1] - Installed JSafe JCE provider: Version 6.0 Crypto-J 6.0, EMC Corporation. JsafeJCE Security Provider (implements RSA, DSA, ECDSA, Diffie-Hellman, ECDH, AES, DES, Triple DES, DESX, RC2, RC4, RC5, PBE, MD2, MD5, RIPEMD160, SHA1, SHA224, SHA256, SHA384, SHA512, HMAC-MD5, HMAC-RIPEMD160, HMAC-SHA1, HMAC-SHA224, HMAC-SHA256, HMAC-SHA384, HMAC-SHA512, FIPS186PRNG, ECDRBG, HMACDRBG, SHA1PRNG, MD5PRNG; RFC 3394, RFC 5649 AES Key Wrap; X.509 CertificateFactory; PKCS12, PKCS15 KeyStore; X.509V1, PKIX, PKIX-SuiteB, PKIX-SuiteBTLS CertPathValidators; X.509V1, PKIX, PKIX-SuiteB, PKIX-SuiteBTLS CertPathBuilders; LDAP, Collection CertStores)
Mar 24, 2019 08:36:32 AM Information [pool-2-thread-1] - Starting security...
Mar 24, 2019 08:36:33 AM Information [pool-2-thread-1] - Starting scheduler...
Mar 24, 2019 08:36:33 AM Information [pool-2-thread-1] - Starting WatchService...
Mar 24, 2019 08:36:33 AM Information [pool-2-thread-1] - Starting debugging...
Mar 24, 2019 08:36:33 AM Information [pool-2-thread-1] - Starting sql...
Mar 24, 2019 08:36:33 AM Information [pool-2-thread-1] - Pool Manager Started
Mar 24, 2019 08:36:34 AM Information [pool-2-thread-1] - Starting mail...
Mar 24, 2019 08:36:34 AM Information [pool-2-thread-1] - Starting runtime...
Mar 24, 2019 08:36:34 AM Information [pool-2-thread-1] - CORBA Configuration not enabled
Mar 24, 2019 08:36:34 AM Information [pool-2-thread-1] - Starting cron...
Mar 24, 2019 08:36:34 AM Information [pool-2-thread-1] - Starting registry...
Mar 24, 2019 08:36:34 AM Information [pool-2-thread-1] - Starting client...
Mar 24, 2019 08:36:34 AM Information [pool-2-thread-1] - Starting xmlrpc...
Mar 24, 2019 08:36:35 AM Information [pool-2-thread-1] - Starting jaxrs...
Mar 24, 2019 08:36:35 AM Information [pool-2-thread-1] - Starting graphing...
Mar 24, 2019 08:36:35 AM Information [pool-2-thread-1] - Starting solr...
Mar 24, 2019 08:36:35 AM Information [pool-2-thread-1] - Starting archive...
Mar 24, 2019 08:36:35 AM Information [pool-2-thread-1] - Starting document...
Mar 24, 2019 08:36:35 AM Information [pool-2-thread-1] - Starting eventgateway...
Mar 24, 2019 08:36:35 AM Information [pool-2-thread-1] - Event Gateway Disabled.
Mar 24, 2019 08:36:35 AM Information [pool-2-thread-1] - Starting FlexAssembler...
Mar 24, 2019 08:36:35 AM Information [pool-2-thread-1] - Starting .NET...
Mar 24, 2019 08:36:35 AM Information [pool-2-thread-1] - Starting Monitoring...
Mar 24, 2019 08:36:35 AM Information [pool-2-thread-1] - Starting WebSocket...
Mar 24, 2019 08:36:35 AM Information [pool-2-thread-1] - WebSocket server listens on port: 8575
Mar 24, 2019 08:36:35 AM Information [pool-2-thread-1] - ColdFusion started
Mar 24, 2019 08:36:35 AM Information [pool-2-thread-1] - ColdFusion: application services are now available
03/24 08:36:35 INFO Macromedia Flex Build: 87315.134646
Mar 24, 2019 08:37:19 AM Information [catalina-exec-3] - Session rotated successfully.
Mar 24, 2019 08:37:19 AM Information [catalina-exec-3] - User admin logged in.
Mar 24, 2019 08:37:19 AM Information [catalina-exec-5] - Starting HTTP request {URL='http://www.adobe.com:80/go/coldfusion-updates', method='get'}
Mar 24, 2019 08:37:22 AM Information [catalina-exec-5] - HTTP request completed  {Status Code=200 ,Time taken=2777 ms}
Mar 24, 2019 08:37:52 AM Warning [catalina-exec-1] - There was an error while verifying the token. Either the session timed out or un-authenticated access is suspected.
Mar 24, 2019 08:38:38 AM Information [catalina-exec-2] - Session rotated successfully.
Mar 24, 2019 08:38:38 AM Information [catalina-exec-2] - User admin logged in.
Mar 24, 2019 08:38:39 AM Information [catalina-exec-6] - Starting HTTP request {URL='http://www.adobe.com:80/go/coldfusion-updates', method='get'}
Mar 24, 2019 08:38:39 AM Information [catalina-exec-6] - HTTP request completed  {Status Code=200 ,Time taken=819 ms}
Mar 24, 2019 08:38:47 AM Error [catalina-exec-6] - Could not create connection to database server. Attempted reconnect 3 times. Giving up.
Mar 24, 2019 08:41:36 AM Information [catalina-exec-7] - Starting HTTP request {URL='http://www.adobe.com:80/go/coldfusion-updates', method='get'}
Mar 24, 2019 08:41:37 AM Information [catalina-exec-7] - HTTP request completed  {Status Code=200 ,Time taken=744 ms}
Mar 24, 2019 08:41:46 AM Error [catalina-exec-7] - Could not create connection to database server. Attempted reconnect 3 times. Giving up.
Mar 24, 2019 08:42:17 AM Warning [catalina-exec-3] - There was an error while verifying the token. Either the session timed out or un-authenticated access is suspected.
Mar 24, 2019 08:42:26 AM Information [catalina-exec-3] - Session rotated successfully.
Mar 24, 2019 08:42:26 AM Information [catalina-exec-3] - User admin logged in.
Mar 24, 2019 08:42:27 AM Information [catalina-exec-3] - Starting HTTP request {URL='http://www.adobe.com:80/go/coldfusion-updates', method='get'}
Mar 24, 2019 08:42:27 AM Information [catalina-exec-3] - HTTP request completed  {Status Code=200 ,Time taken=642 ms}
Mar 24, 2019 08:42:34 AM Warning [catalina-exec-3] - There was an error while verifying the token. Either the session timed out or un-authenticated access is suspected.
Mar 24, 2019 08:42:41 AM Information [catalina-exec-3] - Session rotated successfully.
Mar 24, 2019 08:42:41 AM Information [catalina-exec-3] - User admin logged in.
Mar 24, 2019 08:42:41 AM Information [catalina-exec-3] - Starting HTTP request {URL='http://www.adobe.com:80/go/coldfusion-updates', method='get'}
Mar 24, 2019 08:42:42 AM Information [catalina-exec-3] - HTTP request completed  {Status Code=200 ,Time taken=648 ms}
Mar 24, 2019 08:42:48 AM Warning [catalina-exec-3] - There was an error while verifying the token. Either the session timed out or un-authenticated access is suspected.
Mar 24, 2019 08:42:52 AM Information [catalina-exec-3] - Session rotated successfully.
Mar 24, 2019 08:42:52 AM Information [catalina-exec-3] - User admin logged in.
Mar 24, 2019 08:42:53 AM Information [catalina-exec-5] - Starting HTTP request {URL='http://www.adobe.com:80/go/coldfusion-updates', method='get'}
Mar 24, 2019 08:42:53 AM Information [catalina-exec-5] - HTTP request completed  {Status Code=200 ,Time taken=664 ms}
Mar 24, 2019 08:43:48 AM Information [catalina-exec-2] - Starting HTTP request {URL='http://www.adobe.com:80/go/coldfusion-updates', method='get'}
Mar 24, 2019 08:43:49 AM Information [catalina-exec-2] - HTTP request completed  {Status Code=200 ,Time taken=903 ms}
Mar 24, 2019 08:44:05 AM Error [catalina-exec-2] - Element UPDATES is undefined in SESSION. The specific sequence of files included or processed is: C:\ColdFusion10\cfusion\wwwroot\CFIDE\administrator\updates\installer_input.cfm, line: 33
Mar 24, 2019 08:49:28 AM Information [pool-2-thread-2] - ColdFusion stopped
