Mar 23, 2019 8:43:53 PM org.apache.catalina.core.AprLifecycleListener init
INFO: The APR based Apache Tomcat Native library which allows optimal performance in production environments was not found on the java.library.path: C:\\ColdFusion10\\cfusion\lib;C:\\ColdFusion10\\cfusion\jintegra\bin;C:\\ColdFusion10\\cfusion\jintegra\bin\international;C:\\ColdFusion10\\cfusion\lib\oosdk\classes\win
Mar 23, 2019 8:43:54 PM org.apache.coyote.AbstractProtocol init
INFO: Initializing ProtocolHandler ["http-bio-8500"]
Mar 23, 2019 8:43:54 PM org.apache.coyote.AbstractProtocol init
INFO: Initializing ProtocolHandler ["ajp-bio-8012"]
Mar 23, 2019 8:43:54 PM org.apache.catalina.core.StandardService startInternal
INFO: Starting service Catalina
Mar 23, 2019 8:43:54 PM org.apache.catalina.core.StandardEngine startInternal
INFO: Starting Servlet Engine: Apache Tomcat/7.0.23
Mar 23, 2019 8:43:56 PM org.apache.catalina.core.ApplicationContext log
INFO: ColdFusionStartUpServlet: ColdFusion: Starting application services
Mar 23, 2019 8:43:56 PM org.apache.catalina.core.ApplicationContext log
INFO: ColdFusionStartUpServlet: ColdFusion: VM version = 23.7-b01
Mar 23, 2019 8:44:00 PM org.apache.catalina.core.ApplicationContext log
INFO: CFMxmlServlet: Macromedia Flex Build: 87315.134646
Mar 23, 2019 8:44:04 PM org.apache.coyote.AbstractProtocol start
INFO: Starting ProtocolHandler ["http-bio-8500"]
Mar 23, 2019 8:44:04 PM org.apache.coyote.AbstractProtocol start
INFO: Starting ProtocolHandler ["ajp-bio-8012"]
Mar 23, 2019 8:44:04 PM com.adobe.coldfusion.launcher.Launcher run
INFO: Server startup in 12165 ms
SQLException while attempting to connect: com.mysql.jdbc.exceptions.jdbc4.MySQLNonTransientConnectionException: Could not create connection to database server. Attempted reconnect 3 times. Giving up..
Could not create connection to database server. Attempted reconnect 3 times. Giving up.
Could not create connection to database server. Attempted reconnect 3 times. Giving up.
SQLException while attempting to connect: com.mysql.jdbc.exceptions.jdbc4.MySQLNonTransientConnectionException: Could not create connection to database server. Attempted reconnect 3 times. Giving up..
Could not create connection to database server. Attempted reconnect 3 times. Giving up.
Could not create connection to database server. Attempted reconnect 3 times. Giving up.
SQLException while attempting to connect: com.mysql.jdbc.exceptions.jdbc4.MySQLNonTransientConnectionException: Could not create connection to database server. Attempted reconnect 3 times. Giving up..
Could not create connection to database server. Attempted reconnect 3 times. Giving up.
Could not create connection to database server. Attempted reconnect 3 times. Giving up.
SQLException while attempting to connect: com.mysql.jdbc.exceptions.jdbc4.MySQLNonTransientConnectionException: Could not create connection to database server. Attempted reconnect 3 times. Giving up..
Could not create connection to database server. Attempted reconnect 3 times. Giving up.
Could not create connection to database server. Attempted reconnect 3 times. Giving up.
SQLException while attempting to connect: com.mysql.jdbc.exceptions.jdbc4.MySQLNonTransientConnectionException: Could not create connection to database server. Attempted reconnect 3 times. Giving up..
Could not create connection to database server. Attempted reconnect 3 times. Giving up.
Could not create connection to database server. Attempted reconnect 3 times. Giving up.
SQLException while attempting to connect: com.mysql.jdbc.exceptions.jdbc4.MySQLNonTransientConnectionException: Could not create connection to database server. Attempted reconnect 3 times. Giving up..
Could not create connection to database server. Attempted reconnect 3 times. Giving up.
Could not create connection to database server. Attempted reconnect 3 times. Giving up.
SQLException while attempting to connect: com.mysql.jdbc.exceptions.jdbc4.MySQLNonTransientConnectionException: Could not create connection to database server. Attempted reconnect 3 times. Giving up..
Could not create connection to database server. Attempted reconnect 3 times. Giving up.
Could not create connection to database server. Attempted reconnect 3 times. Giving up.
SQLException while attempting to connect: com.mysql.jdbc.exceptions.jdbc4.MySQLNonTransientConnectionException: Could not create connection to database server. Attempted reconnect 3 times. Giving up..
Could not create connection to database server. Attempted reconnect 3 times. Giving up.
Could not create connection to database server. Attempted reconnect 3 times. Giving up.
SQLException while attempting to connect: com.mysql.jdbc.exceptions.jdbc4.MySQLNonTransientConnectionException: Could not create connection to database server. Attempted reconnect 3 times. Giving up..
Could not create connection to database server. Attempted reconnect 3 times. Giving up.
Could not create connection to database server. Attempted reconnect 3 times. Giving up.
SQLException while attempting to connect: com.mysql.jdbc.exceptions.jdbc4.MySQLNonTransientConnectionException: Could not create connection to database server. Attempted reconnect 3 times. Giving up..
Could not create connection to database server. Attempted reconnect 3 times. Giving up.
Could not create connection to database server. Attempted reconnect 3 times. Giving up.
SQLException while attempting to connect: com.mysql.jdbc.exceptions.jdbc4.MySQLNonTransientConnectionException: Could not create connection to database server. Attempted reconnect 3 times. Giving up..
Could not create connection to database server. Attempted reconnect 3 times. Giving up.
Could not create connection to database server. Attempted reconnect 3 times. Giving up.
SQLException while attempting to connect: java.sql.SQLInvalidAuthorizationSpecException: [Macromedia][MySQL JDBC Driver][MySQL]Access denied for user 'root'@'localhost' (using password: YES).
[Macromedia][MySQL JDBC Driver][MySQL]Access denied for user 'root'@'localhost' (using password: YES)
[Macromedia][MySQL JDBC Driver][MySQL]Access denied for user 'root'@'localhost' (using password: YES)
SQLException while attempting to connect: java.sql.SQLInvalidAuthorizationSpecException: [Macromedia][MySQL JDBC Driver][MySQL]Access denied for user 'root'@'localhost' (using password: YES).
[Macromedia][MySQL JDBC Driver][MySQL]Access denied for user 'root'@'localhost' (using password: YES)
[Macromedia][MySQL JDBC Driver][MySQL]Access denied for user 'root'@'localhost' (using password: YES)
SQLException while attempting to connect: java.sql.SQLInvalidAuthorizationSpecException: [Macromedia][MySQL JDBC Driver][MySQL]Access denied for user 'cw3'@'localhost' (using password: YES).
[Macromedia][MySQL JDBC Driver][MySQL]Access denied for user 'cw3'@'localhost' (using password: YES)
[Macromedia][MySQL JDBC Driver][MySQL]Access denied for user 'cw3'@'localhost' (using password: YES)
SQLException while attempting to connect: java.sql.SQLInvalidAuthorizationSpecException: [Macromedia][MySQL JDBC Driver][MySQL]Access denied for user 'cw3'@'localhost' (using password: YES).
[Macromedia][MySQL JDBC Driver][MySQL]Access denied for user 'cw3'@'localhost' (using password: YES)
[Macromedia][MySQL JDBC Driver][MySQL]Access denied for user 'cw3'@'localhost' (using password: YES)
SQLException while attempting to connect: java.sql.SQLException: [Macromedia][MySQL JDBC Driver]Connections to MySQL Community Server are not supported. Please contact MySQL to obtain a MySQL Enterprise or Commercial version..
[Macromedia][MySQL JDBC Driver]Connections to MySQL Community Server are not supported. Please contact MySQL to obtain a MySQL Enterprise or Commercial version.
[Macromedia][MySQL JDBC Driver]Connections to MySQL Community Server are not supported. Please contact MySQL to obtain a MySQL Enterprise or Commercial version.
SQLException while attempting to connect: java.sql.SQLException: [Macromedia][MySQL JDBC Driver]Connections to MySQL Community Server are not supported. Please contact MySQL to obtain a MySQL Enterprise or Commercial version..
[Macromedia][MySQL JDBC Driver]Connections to MySQL Community Server are not supported. Please contact MySQL to obtain a MySQL Enterprise or Commercial version.
[Macromedia][MySQL JDBC Driver]Connections to MySQL Community Server are not supported. Please contact MySQL to obtain a MySQL Enterprise or Commercial version.
SQLException while attempting to connect: java.sql.SQLException: [Macromedia][MySQL JDBC Driver]Connections to MySQL Community Server are not supported. Please contact MySQL to obtain a MySQL Enterprise or Commercial version..
[Macromedia][MySQL JDBC Driver]Connections to MySQL Community Server are not supported. Please contact MySQL to obtain a MySQL Enterprise or Commercial version.
[Macromedia][MySQL JDBC Driver]Connections to MySQL Community Server are not supported. Please contact MySQL to obtain a MySQL Enterprise or Commercial version.
SQLException while attempting to connect: java.sql.SQLException: [Macromedia][MySQL JDBC Driver]Connections to MySQL Community Server are not supported. Please contact MySQL to obtain a MySQL Enterprise or Commercial version..
[Macromedia][MySQL JDBC Driver]Connections to MySQL Community Server are not supported. Please contact MySQL to obtain a MySQL Enterprise or Commercial version.
[Macromedia][MySQL JDBC Driver]Connections to MySQL Community Server are not supported. Please contact MySQL to obtain a MySQL Enterprise or Commercial version.
SQLException while attempting to connect: java.sql.SQLException: [Macromedia][MySQL JDBC Driver]Connections to MySQL Community Server are not supported. Please contact MySQL to obtain a MySQL Enterprise or Commercial version..
[Macromedia][MySQL JDBC Driver]Connections to MySQL Community Server are not supported. Please contact MySQL to obtain a MySQL Enterprise or Commercial version.
[Macromedia][MySQL JDBC Driver]Connections to MySQL Community Server are not supported. Please contact MySQL to obtain a MySQL Enterprise or Commercial version.
SQLException while attempting to connect: java.sql.SQLException: [Macromedia][MySQL JDBC Driver]Connections to MySQL Community Server are not supported. Please contact MySQL to obtain a MySQL Enterprise or Commercial version..
[Macromedia][MySQL JDBC Driver]Connections to MySQL Community Server are not supported. Please contact MySQL to obtain a MySQL Enterprise or Commercial version.
[Macromedia][MySQL JDBC Driver]Connections to MySQL Community Server are not supported. Please contact MySQL to obtain a MySQL Enterprise or Commercial version.
SQLException while attempting to connect: java.sql.SQLException: [Macromedia][MySQL JDBC Driver]Connections to MySQL Community Server are not supported. Please contact MySQL to obtain a MySQL Enterprise or Commercial version..
[Macromedia][MySQL JDBC Driver]Connections to MySQL Community Server are not supported. Please contact MySQL to obtain a MySQL Enterprise or Commercial version.
[Macromedia][MySQL JDBC Driver]Connections to MySQL Community Server are not supported. Please contact MySQL to obtain a MySQL Enterprise or Commercial version.
SQLException while attempting to connect: java.sql.SQLException: [Macromedia][MySQL JDBC Driver]Connections to MySQL Community Server are not supported. Please contact MySQL to obtain a MySQL Enterprise or Commercial version..
[Macromedia][MySQL JDBC Driver]Connections to MySQL Community Server are not supported. Please contact MySQL to obtain a MySQL Enterprise or Commercial version.
[Macromedia][MySQL JDBC Driver]Connections to MySQL Community Server are not supported. Please contact MySQL to obtain a MySQL Enterprise or Commercial version.
SQLException while attempting to connect: java.sql.SQLInvalidAuthorizationSpecException: [Macromedia][MySQL JDBC Driver][MySQL]Access denied for user 'root'@'localhost' (using password: YES).
[Macromedia][MySQL JDBC Driver][MySQL]Access denied for user 'root'@'localhost' (using password: YES)
[Macromedia][MySQL JDBC Driver][MySQL]Access denied for user 'root'@'localhost' (using password: YES)
SQLException while attempting to connect: java.sql.SQLInvalidAuthorizationSpecException: [Macromedia][MySQL JDBC Driver][MySQL]Access denied for user 'root'@'localhost' (using password: YES).
[Macromedia][MySQL JDBC Driver][MySQL]Access denied for user 'root'@'localhost' (using password: YES)
[Macromedia][MySQL JDBC Driver][MySQL]Access denied for user 'root'@'localhost' (using password: YES)
SQLException while attempting to connect: java.sql.SQLInvalidAuthorizationSpecException: [Macromedia][MySQL JDBC Driver][MySQL]Access denied for user 'root'@'localhost' (using password: YES).
[Macromedia][MySQL JDBC Driver][MySQL]Access denied for user 'root'@'localhost' (using password: YES)
[Macromedia][MySQL JDBC Driver][MySQL]Access denied for user 'root'@'localhost' (using password: YES)
SQLException while attempting to connect: java.sql.SQLInvalidAuthorizationSpecException: [Macromedia][MySQL JDBC Driver][MySQL]Access denied for user 'root'@'localhost' (using password: YES).
[Macromedia][MySQL JDBC Driver][MySQL]Access denied for user 'root'@'localhost' (using password: YES)
[Macromedia][MySQL JDBC Driver][MySQL]Access denied for user 'root'@'localhost' (using password: YES)
SQLException while attempting to connect: java.sql.SQLInvalidAuthorizationSpecException: [Macromedia][MySQL JDBC Driver][MySQL]Access denied for user 'root'@'localhost' (using password: YES).
[Macromedia][MySQL JDBC Driver][MySQL]Access denied for user 'root'@'localhost' (using password: YES)
[Macromedia][MySQL JDBC Driver][MySQL]Access denied for user 'root'@'localhost' (using password: YES)
Mar 23, 2019 9:47:49 PM org.apache.catalina.core.StandardServer await
INFO: A valid shutdown command was received via the shutdown port. Stopping the Server instance.
Mar 23, 2019 9:47:49 PM org.apache.coyote.AbstractProtocol pause
INFO: Pausing ProtocolHandler ["http-bio-8500"]
Mar 23, 2019 9:47:49 PM org.apache.coyote.AbstractProtocol pause
INFO: Pausing ProtocolHandler ["ajp-bio-8012"]
Mar 23, 2019 9:47:49 PM org.apache.catalina.core.StandardService stopInternal
INFO: Stopping service Catalina
Mar 23, 2019 9:47:55 PM org.apache.catalina.loader.WebappClassLoader checkThreadLocalMapForLeaks
SEVERE: The web application [/] created a ThreadLocal with key of type [java.lang.ThreadLocal] (value [java.lang.ThreadLocal@12e2d57a]) and a value of type [org.apache.derby.iapi.services.context.ContextManager] (value [org.apache.derby.iapi.services.context.ContextManager@6104460d]) but failed to remove it when the web application was stopped. Threads are going to be renewed over time to try and avoid a probable memory leak.
Mar 23, 2019 9:47:55 PM org.apache.catalina.loader.WebappClassLoader checkThreadLocalMapForLeaks
SEVERE: The web application [/] created a ThreadLocal with key of type [java.lang.ThreadLocal] (value [java.lang.ThreadLocal@12e2d57a]) and a value of type [org.apache.derby.iapi.services.context.ContextManager] (value [org.apache.derby.iapi.services.context.ContextManager@213d7eab]) but failed to remove it when the web application was stopped. Threads are going to be renewed over time to try and avoid a probable memory leak.
Mar 23, 2019 9:47:55 PM org.apache.catalina.loader.WebappClassLoader checkThreadLocalMapForLeaks
SEVERE: The web application [/] created a ThreadLocal with key of type [java.lang.ThreadLocal] (value [java.lang.ThreadLocal@12e2d57a]) and a value of type [org.apache.derby.iapi.services.context.ContextManager] (value [org.apache.derby.iapi.services.context.ContextManager@45a2535d]) but failed to remove it when the web application was stopped. Threads are going to be renewed over time to try and avoid a probable memory leak.
Mar 23, 2019 9:47:55 PM org.apache.catalina.loader.WebappClassLoader checkThreadLocalMapForLeaks
SEVERE: The web application [/] created a ThreadLocal with key of type [java.lang.ThreadLocal] (value [java.lang.ThreadLocal@12e2d57a]) and a value of type [org.apache.derby.iapi.services.context.ContextManager] (value [org.apache.derby.iapi.services.context.ContextManager@52fde0d6]) but failed to remove it when the web application was stopped. Threads are going to be renewed over time to try and avoid a probable memory leak.
Mar 23, 2019 9:47:55 PM org.apache.catalina.loader.WebappClassLoader checkThreadLocalMapForLeaks
SEVERE: The web application [/] created a ThreadLocal with key of type [java.lang.ThreadLocal] (value [java.lang.ThreadLocal@12e2d57a]) and a value of type [org.apache.derby.iapi.services.context.ContextManager] (value [org.apache.derby.iapi.services.context.ContextManager@3885ccd0]) but failed to remove it when the web application was stopped. Threads are going to be renewed over time to try and avoid a probable memory leak.
Mar 23, 2019 9:47:55 PM org.apache.coyote.AbstractProtocol stop
INFO: Stopping ProtocolHandler ["http-bio-8500"]
Mar 23, 2019 9:47:55 PM org.apache.coyote.AbstractProtocol stop
INFO: Stopping ProtocolHandler ["ajp-bio-8012"]
Mar 23, 2019 9:48:02 PM org.apache.catalina.core.AprLifecycleListener init
INFO: The APR based Apache Tomcat Native library which allows optimal performance in production environments was not found on the java.library.path: C:\\ColdFusion10\\cfusion\lib;C:\\ColdFusion10\\cfusion\jintegra\bin;C:\\ColdFusion10\\cfusion\jintegra\bin\international;C:\\ColdFusion10\\cfusion\lib\oosdk\classes\win
Mar 23, 2019 9:48:03 PM org.apache.coyote.AbstractProtocol init
INFO: Initializing ProtocolHandler ["http-bio-8500"]
Mar 23, 2019 9:48:03 PM org.apache.coyote.AbstractProtocol init
INFO: Initializing ProtocolHandler ["ajp-bio-8012"]
Mar 23, 2019 9:48:03 PM org.apache.catalina.core.StandardService startInternal
INFO: Starting service Catalina
Mar 23, 2019 9:48:03 PM org.apache.catalina.core.StandardEngine startInternal
INFO: Starting Servlet Engine: Apache Tomcat/7.0.23
Mar 23, 2019 9:48:05 PM org.apache.catalina.core.ApplicationContext log
INFO: ColdFusionStartUpServlet: ColdFusion: Starting application services
Mar 23, 2019 9:48:05 PM org.apache.catalina.core.ApplicationContext log
INFO: ColdFusionStartUpServlet: ColdFusion: VM version = 23.7-b01
Mar 23, 2019 9:48:09 PM org.apache.catalina.core.ApplicationContext log
INFO: CFMxmlServlet: Macromedia Flex Build: 87315.134646
Mar 23, 2019 9:48:13 PM org.apache.coyote.AbstractProtocol start
INFO: Starting ProtocolHandler ["http-bio-8500"]
Mar 23, 2019 9:48:13 PM org.apache.coyote.AbstractProtocol start
INFO: Starting ProtocolHandler ["ajp-bio-8012"]
Mar 23, 2019 9:48:13 PM com.adobe.coldfusion.launcher.Launcher run
INFO: Server startup in 11935 ms
SQLException while attempting to connect: java.sql.SQLInvalidAuthorizationSpecException: [Macromedia][MySQL JDBC Driver][MySQL]Access denied for user 'root'@'localhost' (using password: YES).
[Macromedia][MySQL JDBC Driver][MySQL]Access denied for user 'root'@'localhost' (using password: YES)
[Macromedia][MySQL JDBC Driver][MySQL]Access denied for user 'root'@'localhost' (using password: YES)
SQLException while attempting to connect: java.sql.SQLInvalidAuthorizationSpecException: [Macromedia][MySQL JDBC Driver][MySQL]Access denied for user 'root'@'localhost' (using password: YES).
[Macromedia][MySQL JDBC Driver][MySQL]Access denied for user 'root'@'localhost' (using password: YES)
[Macromedia][MySQL JDBC Driver][MySQL]Access denied for user 'root'@'localhost' (using password: YES)
Mar 23, 2019 9:51:50 PM org.apache.catalina.core.StandardServer await
INFO: A valid shutdown command was received via the shutdown port. Stopping the Server instance.
Mar 23, 2019 9:51:50 PM org.apache.coyote.AbstractProtocol pause
INFO: Pausing ProtocolHandler ["http-bio-8500"]
Mar 23, 2019 9:51:50 PM org.apache.coyote.AbstractProtocol pause
INFO: Pausing ProtocolHandler ["ajp-bio-8012"]
Mar 23, 2019 9:51:50 PM org.apache.catalina.core.StandardService stopInternal
INFO: Stopping service Catalina
Mar 23, 2019 9:51:55 PM org.apache.catalina.loader.WebappClassLoader checkThreadLocalMapForLeaks
SEVERE: The web application [/] created a ThreadLocal with key of type [coldfusion.util.DateUtils$1] (value [coldfusion.util.DateUtils$1@3a253b63]) and a value of type [java.util.GregorianCalendar] (value [java.util.GregorianCalendar[time=1553392129693,areFieldsSet=true,areAllFieldsSet=true,lenient=false,zone=sun.util.calendar.ZoneInfo[id="America/New_York",offset=-18000000,dstSavings=3600000,useDaylight=true,transitions=235,lastRule=java.util.SimpleTimeZone[id=America/New_York,offset=-18000000,dstSavings=3600000,useDaylight=true,startYear=0,startMode=3,startMonth=2,startDay=8,startDayOfWeek=1,startTime=7200000,startTimeMode=0,endMode=3,endMonth=10,endDay=1,endDayOfWeek=1,endTime=7200000,endTimeMode=0]],firstDayOfWeek=1,minimalDaysInFirstWeek=1,ERA=1,YEAR=2019,MONTH=2,WEEK_OF_YEAR=12,WEEK_OF_MONTH=4,DAY_OF_MONTH=23,DAY_OF_YEAR=82,DAY_OF_WEEK=7,DAY_OF_WEEK_IN_MONTH=4,AM_PM=1,HOUR=9,HOUR_OF_DAY=21,MINUTE=48,SECOND=49,MILLISECOND=693,ZONE_OFFSET=-18000000,DST_OFFSET=3600000]]) but failed to remove it when the web application was stopped. Threads are going to be renewed over time to try and avoid a probable memory leak.
Mar 23, 2019 9:51:55 PM org.apache.coyote.AbstractProtocol stop
INFO: Stopping ProtocolHandler ["http-bio-8500"]
Mar 23, 2019 9:51:55 PM org.apache.coyote.AbstractProtocol stop
INFO: Stopping ProtocolHandler ["ajp-bio-8012"]
Mar 23, 2019 9:52:10 PM org.apache.catalina.core.AprLifecycleListener init
INFO: The APR based Apache Tomcat Native library which allows optimal performance in production environments was not found on the java.library.path: C:\\ColdFusion10\\cfusion\lib;C:\\ColdFusion10\\cfusion\jintegra\bin;C:\\ColdFusion10\\cfusion\jintegra\bin\international;C:\\ColdFusion10\\cfusion\lib\oosdk\classes\win
Mar 23, 2019 9:52:10 PM org.apache.coyote.AbstractProtocol init
INFO: Initializing ProtocolHandler ["http-bio-8500"]
Mar 23, 2019 9:52:10 PM org.apache.coyote.AbstractProtocol init
INFO: Initializing ProtocolHandler ["ajp-bio-8012"]
Mar 23, 2019 9:52:10 PM org.apache.catalina.core.StandardService startInternal
INFO: Starting service Catalina
Mar 23, 2019 9:52:10 PM org.apache.catalina.core.StandardEngine startInternal
INFO: Starting Servlet Engine: Apache Tomcat/7.0.23
Mar 23, 2019 9:52:13 PM org.apache.catalina.core.ApplicationContext log
INFO: ColdFusionStartUpServlet: ColdFusion: Starting application services
Mar 23, 2019 9:52:13 PM org.apache.catalina.core.ApplicationContext log
INFO: ColdFusionStartUpServlet: ColdFusion: VM version = 23.7-b01
Mar 23, 2019 9:52:17 PM org.apache.catalina.core.ApplicationContext log
INFO: CFMxmlServlet: Macromedia Flex Build: 87315.134646
Mar 23, 2019 9:52:21 PM org.apache.coyote.AbstractProtocol start
INFO: Starting ProtocolHandler ["http-bio-8500"]
Mar 23, 2019 9:52:21 PM org.apache.coyote.AbstractProtocol start
INFO: Starting ProtocolHandler ["ajp-bio-8012"]
Mar 23, 2019 9:52:21 PM com.adobe.coldfusion.launcher.Launcher run
INFO: Server startup in 12094 ms
SQLException while attempting to connect: java.sql.SQLInvalidAuthorizationSpecException: [Macromedia][MySQL JDBC Driver][MySQL]Access denied for user 'root'@'localhost' (using password: YES).
[Macromedia][MySQL JDBC Driver][MySQL]Access denied for user 'root'@'localhost' (using password: YES)
[Macromedia][MySQL JDBC Driver][MySQL]Access denied for user 'root'@'localhost' (using password: YES)
SQLException while attempting to connect: java.sql.SQLInvalidAuthorizationSpecException: [Macromedia][MySQL JDBC Driver][MySQL]Access denied for user 'root'@'localhost' (using password: YES).
[Macromedia][MySQL JDBC Driver][MySQL]Access denied for user 'root'@'localhost' (using password: YES)
[Macromedia][MySQL JDBC Driver][MySQL]Access denied for user 'root'@'localhost' (using password: YES)
Mar 23, 2019 10:01:23 PM org.apache.catalina.core.StandardServer await
INFO: A valid shutdown command was received via the shutdown port. Stopping the Server instance.
Mar 23, 2019 10:01:23 PM org.apache.coyote.AbstractProtocol pause
INFO: Pausing ProtocolHandler ["http-bio-8500"]
Mar 23, 2019 10:01:23 PM org.apache.coyote.AbstractProtocol pause
INFO: Pausing ProtocolHandler ["ajp-bio-8012"]
Mar 23, 2019 10:01:23 PM org.apache.catalina.core.StandardService stopInternal
INFO: Stopping service Catalina
Mar 23, 2019 10:01:28 PM org.apache.coyote.AbstractProtocol stop
INFO: Stopping ProtocolHandler ["http-bio-8500"]
Mar 23, 2019 10:01:28 PM org.apache.coyote.AbstractProtocol stop
INFO: Stopping ProtocolHandler ["ajp-bio-8012"]
Mar 23, 2019 10:03:40 PM org.apache.catalina.core.AprLifecycleListener init
INFO: The APR based Apache Tomcat Native library which allows optimal performance in production environments was not found on the java.library.path: C:\\ColdFusion10\\cfusion\lib;C:\\ColdFusion10\\cfusion\jintegra\bin;C:\\ColdFusion10\\cfusion\jintegra\bin\international;C:\\ColdFusion10\\cfusion\lib\oosdk\classes\win
Mar 23, 2019 10:03:41 PM org.apache.coyote.AbstractProtocol init
INFO: Initializing ProtocolHandler ["http-bio-8500"]
Mar 23, 2019 10:03:41 PM org.apache.coyote.AbstractProtocol init
INFO: Initializing ProtocolHandler ["ajp-bio-8012"]
Mar 23, 2019 10:03:41 PM org.apache.catalina.core.StandardService startInternal
INFO: Starting service Catalina
Mar 23, 2019 10:03:41 PM org.apache.catalina.core.StandardEngine startInternal
INFO: Starting Servlet Engine: Apache Tomcat/7.0.23
Mar 23, 2019 10:03:43 PM org.apache.catalina.core.ApplicationContext log
INFO: ColdFusionStartUpServlet: ColdFusion: Starting application services
Mar 23, 2019 10:03:43 PM org.apache.catalina.core.ApplicationContext log
INFO: ColdFusionStartUpServlet: ColdFusion: VM version = 23.7-b01
Mar 23, 2019 10:03:47 PM org.apache.catalina.core.ApplicationContext log
INFO: CFMxmlServlet: Macromedia Flex Build: 87315.134646
Mar 23, 2019 10:03:52 PM org.apache.coyote.AbstractProtocol start
INFO: Starting ProtocolHandler ["http-bio-8500"]
Mar 23, 2019 10:03:52 PM org.apache.coyote.AbstractProtocol start
INFO: Starting ProtocolHandler ["ajp-bio-8012"]
Mar 23, 2019 10:03:52 PM com.adobe.coldfusion.launcher.Launcher run
INFO: Server startup in 12537 ms
SQLException while attempting to connect: java.sql.SQLInvalidAuthorizationSpecException: [Macromedia][MySQL JDBC Driver][MySQL]Access denied for user 'root'@'localhost' (using password: YES).
[Macromedia][MySQL JDBC Driver][MySQL]Access denied for user 'root'@'localhost' (using password: YES)
[Macromedia][MySQL JDBC Driver][MySQL]Access denied for user 'root'@'localhost' (using password: YES)
SQLException while attempting to connect: java.sql.SQLInvalidAuthorizationSpecException: [Macromedia][MySQL JDBC Driver][MySQL]Access denied for user 'root'@'localhost' (using password: YES).
[Macromedia][MySQL JDBC Driver][MySQL]Access denied for user 'root'@'localhost' (using password: YES)
[Macromedia][MySQL JDBC Driver][MySQL]Access denied for user 'root'@'localhost' (using password: YES)
SQLException while attempting to connect: java.sql.SQLInvalidAuthorizationSpecException: [Macromedia][MySQL JDBC Driver][MySQL]Access denied for user 'root'@'localhost' (using password: YES).
[Macromedia][MySQL JDBC Driver][MySQL]Access denied for user 'root'@'localhost' (using password: YES)
[Macromedia][MySQL JDBC Driver][MySQL]Access denied for user 'root'@'localhost' (using password: YES)
SQLException while attempting to connect: java.sql.SQLInvalidAuthorizationSpecException: [Macromedia][MySQL JDBC Driver][MySQL]Access denied for user 'root'@'localhost' (using password: YES).
[Macromedia][MySQL JDBC Driver][MySQL]Access denied for user 'root'@'localhost' (using password: YES)
[Macromedia][MySQL JDBC Driver][MySQL]Access denied for user 'root'@'localhost' (using password: YES)
Mar 23, 2019 10:09:40 PM org.apache.catalina.core.StandardServer await
INFO: A valid shutdown command was received via the shutdown port. Stopping the Server instance.
Mar 23, 2019 10:09:40 PM org.apache.coyote.AbstractProtocol pause
INFO: Pausing ProtocolHandler ["http-bio-8500"]
Mar 23, 2019 10:09:40 PM org.apache.coyote.AbstractProtocol pause
INFO: Pausing ProtocolHandler ["ajp-bio-8012"]
Mar 23, 2019 10:09:40 PM org.apache.catalina.core.StandardService stopInternal
INFO: Stopping service Catalina
Mar 23, 2019 10:09:45 PM org.apache.coyote.AbstractProtocol stop
INFO: Stopping ProtocolHandler ["http-bio-8500"]
Mar 23, 2019 10:09:45 PM org.apache.coyote.AbstractProtocol stop
INFO: Stopping ProtocolHandler ["ajp-bio-8012"]
Mar 23, 2019 10:11:20 PM org.apache.catalina.core.AprLifecycleListener init
INFO: The APR based Apache Tomcat Native library which allows optimal performance in production environments was not found on the java.library.path: C:\\ColdFusion10\\cfusion\lib;C:\\ColdFusion10\\cfusion\jintegra\bin;C:\\ColdFusion10\\cfusion\jintegra\bin\international;C:\\ColdFusion10\\cfusion\lib\oosdk\classes\win
Mar 23, 2019 10:11:20 PM org.apache.coyote.AbstractProtocol init
INFO: Initializing ProtocolHandler ["http-bio-8500"]
Mar 23, 2019 10:11:20 PM org.apache.coyote.AbstractProtocol init
INFO: Initializing ProtocolHandler ["ajp-bio-8012"]
Mar 23, 2019 10:11:20 PM org.apache.catalina.core.StandardService startInternal
INFO: Starting service Catalina
Mar 23, 2019 10:11:20 PM org.apache.catalina.core.StandardEngine startInternal
INFO: Starting Servlet Engine: Apache Tomcat/7.0.23
Mar 23, 2019 10:11:23 PM org.apache.catalina.core.ApplicationContext log
INFO: ColdFusionStartUpServlet: ColdFusion: Starting application services
Mar 23, 2019 10:11:23 PM org.apache.catalina.core.ApplicationContext log
INFO: ColdFusionStartUpServlet: ColdFusion: VM version = 23.7-b01
Mar 23, 2019 10:11:27 PM org.apache.catalina.core.ApplicationContext log
INFO: CFMxmlServlet: Macromedia Flex Build: 87315.134646
Mar 23, 2019 10:11:31 PM org.apache.coyote.AbstractProtocol start
INFO: Starting ProtocolHandler ["http-bio-8500"]
Mar 23, 2019 10:11:31 PM org.apache.coyote.AbstractProtocol start
INFO: Starting ProtocolHandler ["ajp-bio-8012"]
Mar 23, 2019 10:11:31 PM com.adobe.coldfusion.launcher.Launcher run
INFO: Server startup in 12468 ms
SQLException while attempting to connect: java.sql.SQLInvalidAuthorizationSpecException: [Macromedia][MySQL JDBC Driver][MySQL]Access denied for user 'root'@'localhost' (using password: YES).
[Macromedia][MySQL JDBC Driver][MySQL]Access denied for user 'root'@'localhost' (using password: YES)
[Macromedia][MySQL JDBC Driver][MySQL]Access denied for user 'root'@'localhost' (using password: YES)
SQLException while attempting to connect: java.sql.SQLInvalidAuthorizationSpecException: [Macromedia][MySQL JDBC Driver][MySQL]Access denied for user 'root'@'localhost' (using password: YES).
[Macromedia][MySQL JDBC Driver][MySQL]Access denied for user 'root'@'localhost' (using password: YES)
[Macromedia][MySQL JDBC Driver][MySQL]Access denied for user 'root'@'localhost' (using password: YES)
Mar 23, 2019 10:13:56 PM org.apache.catalina.core.StandardServer await
INFO: A valid shutdown command was received via the shutdown port. Stopping the Server instance.
Mar 23, 2019 10:13:56 PM org.apache.coyote.AbstractProtocol pause
INFO: Pausing ProtocolHandler ["http-bio-8500"]
Mar 23, 2019 10:13:57 PM org.apache.coyote.AbstractProtocol pause
INFO: Pausing ProtocolHandler ["ajp-bio-8012"]
Mar 23, 2019 10:13:57 PM org.apache.catalina.core.StandardService stopInternal
INFO: Stopping service Catalina
Mar 23, 2019 10:14:02 PM org.apache.coyote.AbstractProtocol stop
INFO: Stopping ProtocolHandler ["http-bio-8500"]
Mar 23, 2019 10:14:02 PM org.apache.coyote.AbstractProtocol stop
INFO: Stopping ProtocolHandler ["ajp-bio-8012"]
Mar 23, 2019 10:14:55 PM org.apache.catalina.core.AprLifecycleListener init
INFO: The APR based Apache Tomcat Native library which allows optimal performance in production environments was not found on the java.library.path: C:\\ColdFusion10\\cfusion\lib;C:\\ColdFusion10\\cfusion\jintegra\bin;C:\\ColdFusion10\\cfusion\jintegra\bin\international;C:\\ColdFusion10\\cfusion\lib\oosdk\classes\win
Mar 23, 2019 10:14:56 PM org.apache.coyote.AbstractProtocol init
INFO: Initializing ProtocolHandler ["http-bio-8500"]
Mar 23, 2019 10:14:56 PM org.apache.coyote.AbstractProtocol init
INFO: Initializing ProtocolHandler ["ajp-bio-8012"]
Mar 23, 2019 10:14:56 PM org.apache.catalina.core.StandardService startInternal
INFO: Starting service Catalina
Mar 23, 2019 10:14:56 PM org.apache.catalina.core.StandardEngine startInternal
INFO: Starting Servlet Engine: Apache Tomcat/7.0.23
Mar 23, 2019 10:14:58 PM org.apache.catalina.core.ApplicationContext log
INFO: ColdFusionStartUpServlet: ColdFusion: Starting application services
Mar 23, 2019 10:14:58 PM org.apache.catalina.core.ApplicationContext log
INFO: ColdFusionStartUpServlet: ColdFusion: VM version = 23.7-b01
Mar 23, 2019 10:15:02 PM org.apache.catalina.core.ApplicationContext log
INFO: CFMxmlServlet: Macromedia Flex Build: 87315.134646
Mar 23, 2019 10:15:07 PM org.apache.coyote.AbstractProtocol start
INFO: Starting ProtocolHandler ["http-bio-8500"]
Mar 23, 2019 10:15:07 PM org.apache.coyote.AbstractProtocol start
INFO: Starting ProtocolHandler ["ajp-bio-8012"]
Mar 23, 2019 10:15:07 PM com.adobe.coldfusion.launcher.Launcher run
INFO: Server startup in 12075 ms
SQLException while attempting to connect: com.mysql.jdbc.exceptions.jdbc4.MySQLNonTransientConnectionException: Could not create connection to database server. Attempted reconnect 3 times. Giving up..
Could not create connection to database server. Attempted reconnect 3 times. Giving up.
Could not create connection to database server. Attempted reconnect 3 times. Giving up.
SQLException while attempting to connect: com.mysql.jdbc.exceptions.jdbc4.MySQLNonTransientConnectionException: Could not create connection to database server. Attempted reconnect 3 times. Giving up..
Could not create connection to database server. Attempted reconnect 3 times. Giving up.
Could not create connection to database server. Attempted reconnect 3 times. Giving up.
SQLException while attempting to connect: com.mysql.jdbc.exceptions.jdbc4.MySQLNonTransientConnectionException: Could not create connection to database server. Attempted reconnect 3 times. Giving up..
Could not create connection to database server. Attempted reconnect 3 times. Giving up.
Could not create connection to database server. Attempted reconnect 3 times. Giving up.
SQLException while attempting to connect: com.mysql.jdbc.exceptions.jdbc4.MySQLNonTransientConnectionException: Could not create connection to database server. Attempted reconnect 3 times. Giving up..
Could not create connection to database server. Attempted reconnect 3 times. Giving up.
Could not create connection to database server. Attempted reconnect 3 times. Giving up.
SQLException while attempting to connect: com.mysql.jdbc.exceptions.jdbc4.MySQLNonTransientConnectionException: Could not create connection to database server. Attempted reconnect 3 times. Giving up..
Could not create connection to database server. Attempted reconnect 3 times. Giving up.
Could not create connection to database server. Attempted reconnect 3 times. Giving up.
Mar 23, 2019 10:37:31 PM org.apache.catalina.core.StandardServer await
INFO: A valid shutdown command was received via the shutdown port. Stopping the Server instance.
Mar 23, 2019 10:37:31 PM org.apache.coyote.AbstractProtocol pause
INFO: Pausing ProtocolHandler ["http-bio-8500"]
Mar 23, 2019 10:37:31 PM org.apache.coyote.AbstractProtocol pause
INFO: Pausing ProtocolHandler ["ajp-bio-8012"]
Mar 23, 2019 10:37:31 PM org.apache.catalina.core.StandardService stopInternal
INFO: Stopping service Catalina
Mar 23, 2019 10:37:37 PM org.apache.coyote.AbstractProtocol stop
INFO: Stopping ProtocolHandler ["http-bio-8500"]
Mar 23, 2019 10:37:37 PM org.apache.coyote.AbstractProtocol stop
INFO: Stopping ProtocolHandler ["ajp-bio-8012"]
Mar 23, 2019 10:39:33 PM org.apache.catalina.core.AprLifecycleListener init
INFO: The APR based Apache Tomcat Native library which allows optimal performance in production environments was not found on the java.library.path: C:\\ColdFusion10\\cfusion\lib;C:\\ColdFusion10\\cfusion\jintegra\bin;C:\\ColdFusion10\\cfusion\jintegra\bin\international;C:\\ColdFusion10\\cfusion\lib\oosdk\classes\win
Mar 23, 2019 10:39:34 PM org.apache.coyote.AbstractProtocol init
INFO: Initializing ProtocolHandler ["http-bio-8500"]
Mar 23, 2019 10:39:34 PM org.apache.coyote.AbstractProtocol init
INFO: Initializing ProtocolHandler ["ajp-bio-8012"]
Mar 23, 2019 10:39:34 PM org.apache.catalina.core.StandardService startInternal
INFO: Starting service Catalina
Mar 23, 2019 10:39:34 PM org.apache.catalina.core.StandardEngine startInternal
INFO: Starting Servlet Engine: Apache Tomcat/7.0.23
Mar 23, 2019 10:39:36 PM org.apache.catalina.core.ApplicationContext log
INFO: ColdFusionStartUpServlet: ColdFusion: Starting application services
Mar 23, 2019 10:39:36 PM org.apache.catalina.core.ApplicationContext log
INFO: ColdFusionStartUpServlet: ColdFusion: VM version = 23.7-b01
Mar 23, 2019 10:39:40 PM org.apache.catalina.core.ApplicationContext log
INFO: CFMxmlServlet: Macromedia Flex Build: 87315.134646
Mar 23, 2019 10:39:44 PM org.apache.coyote.AbstractProtocol start
INFO: Starting ProtocolHandler ["http-bio-8500"]
Mar 23, 2019 10:39:44 PM org.apache.coyote.AbstractProtocol start
INFO: Starting ProtocolHandler ["ajp-bio-8012"]
Mar 23, 2019 10:39:44 PM com.adobe.coldfusion.launcher.Launcher run
INFO: Server startup in 11967 ms
SQLException while attempting to connect: com.mysql.jdbc.exceptions.jdbc4.MySQLNonTransientConnectionException: Could not create connection to database server. Attempted reconnect 3 times. Giving up..
Could not create connection to database server. Attempted reconnect 3 times. Giving up.
Could not create connection to database server. Attempted reconnect 3 times. Giving up.
SQLException while attempting to connect: com.mysql.jdbc.exceptions.jdbc4.MySQLNonTransientConnectionException: Could not create connection to database server. Attempted reconnect 3 times. Giving up..
Could not create connection to database server. Attempted reconnect 3 times. Giving up.
Could not create connection to database server. Attempted reconnect 3 times. Giving up.
Mar 23, 2019 10:41:52 PM org.apache.catalina.core.AprLifecycleListener init
INFO: The APR based Apache Tomcat Native library which allows optimal performance in production environments was not found on the java.library.path: C:\\ColdFusion10\\cfusion\lib;C:\\ColdFusion10\\cfusion\jintegra\bin;C:\\ColdFusion10\\cfusion\jintegra\bin\international;C:\\ColdFusion10\\cfusion\lib\oosdk\classes\win
Mar 23, 2019 10:41:53 PM org.apache.coyote.AbstractProtocol init
INFO: Initializing ProtocolHandler ["http-bio-8500"]
Mar 23, 2019 10:41:53 PM org.apache.coyote.AbstractProtocol init
INFO: Initializing ProtocolHandler ["ajp-bio-8012"]
Mar 23, 2019 10:41:53 PM org.apache.catalina.core.StandardService startInternal
INFO: Starting service Catalina
Mar 23, 2019 10:41:53 PM org.apache.catalina.core.StandardEngine startInternal
INFO: Starting Servlet Engine: Apache Tomcat/7.0.23
Mar 23, 2019 10:41:57 PM org.apache.catalina.core.ApplicationContext log
INFO: ColdFusionStartUpServlet: ColdFusion: Starting application services
Mar 23, 2019 10:41:57 PM org.apache.catalina.core.ApplicationContext log
INFO: ColdFusionStartUpServlet: ColdFusion: VM version = 23.7-b01
Mar 23, 2019 10:42:02 PM org.apache.catalina.core.ApplicationContext log
INFO: CFMxmlServlet: Macromedia Flex Build: 87315.134646
Mar 23, 2019 10:42:09 PM org.apache.coyote.AbstractProtocol start
INFO: Starting ProtocolHandler ["http-bio-8500"]
Mar 23, 2019 10:42:09 PM org.apache.coyote.AbstractProtocol start
INFO: Starting ProtocolHandler ["ajp-bio-8012"]
Mar 23, 2019 10:42:09 PM com.adobe.coldfusion.launcher.Launcher run
INFO: Server startup in 18759 ms
SQLException while attempting to connect: com.mysql.jdbc.exceptions.jdbc4.MySQLNonTransientConnectionException: Could not create connection to database server. Attempted reconnect 3 times. Giving up..
Could not create connection to database server. Attempted reconnect 3 times. Giving up.
Could not create connection to database server. Attempted reconnect 3 times. Giving up.
SQLException while attempting to connect: com.mysql.jdbc.exceptions.jdbc4.MySQLNonTransientConnectionException: Could not create connection to database server. Attempted reconnect 3 times. Giving up..
Could not create connection to database server. Attempted reconnect 3 times. Giving up.
Could not create connection to database server. Attempted reconnect 3 times. Giving up.
SQLException while attempting to connect: com.mysql.jdbc.exceptions.jdbc4.MySQLNonTransientConnectionException: Could not create connection to database server. Attempted reconnect 3 times. Giving up..
Could not create connection to database server. Attempted reconnect 3 times. Giving up.
Could not create connection to database server. Attempted reconnect 3 times. Giving up.
Mar 23, 2019 11:25:47 PM org.apache.catalina.core.StandardServer await
INFO: A valid shutdown command was received via the shutdown port. Stopping the Server instance.
Mar 23, 2019 11:25:47 PM org.apache.coyote.AbstractProtocol pause
INFO: Pausing ProtocolHandler ["http-bio-8500"]
Mar 23, 2019 11:25:47 PM org.apache.coyote.AbstractProtocol pause
INFO: Pausing ProtocolHandler ["ajp-bio-8012"]
Mar 23, 2019 11:25:47 PM org.apache.catalina.core.StandardService stopInternal
INFO: Stopping service Catalina
Mar 23, 2019 11:25:52 PM org.apache.catalina.loader.WebappClassLoader checkThreadLocalMapForLeaks
SEVERE: The web application [/] created a ThreadLocal with key of type [coldfusion.util.DateUtils$1] (value [coldfusion.util.DateUtils$1@6457487c]) and a value of type [java.util.GregorianCalendar] (value [java.util.GregorianCalendar[time=1553395417855,areFieldsSet=true,areAllFieldsSet=true,lenient=false,zone=sun.util.calendar.ZoneInfo[id="America/New_York",offset=-18000000,dstSavings=3600000,useDaylight=true,transitions=235,lastRule=java.util.SimpleTimeZone[id=America/New_York,offset=-18000000,dstSavings=3600000,useDaylight=true,startYear=0,startMode=3,startMonth=2,startDay=8,startDayOfWeek=1,startTime=7200000,startTimeMode=0,endMode=3,endMonth=10,endDay=1,endDayOfWeek=1,endTime=7200000,endTimeMode=0]],firstDayOfWeek=1,minimalDaysInFirstWeek=1,ERA=1,YEAR=2019,MONTH=2,WEEK_OF_YEAR=12,WEEK_OF_MONTH=4,DAY_OF_MONTH=23,DAY_OF_YEAR=82,DAY_OF_WEEK=7,DAY_OF_WEEK_IN_MONTH=4,AM_PM=1,HOUR=10,HOUR_OF_DAY=22,MINUTE=43,SECOND=37,MILLISECOND=855,ZONE_OFFSET=-18000000,DST_OFFSET=3600000]]) but failed to remove it when the web application was stopped. Threads are going to be renewed over time to try and avoid a probable memory leak.
Mar 23, 2019 11:25:52 PM org.apache.coyote.AbstractProtocol stop
INFO: Stopping ProtocolHandler ["http-bio-8500"]
Mar 23, 2019 11:25:52 PM org.apache.coyote.AbstractProtocol stop
INFO: Stopping ProtocolHandler ["ajp-bio-8012"]
Mar 24, 2019 12:51:02 AM org.apache.catalina.core.AprLifecycleListener init
INFO: The APR based Apache Tomcat Native library which allows optimal performance in production environments was not found on the java.library.path: C:\\ColdFusion10\\cfusion\lib;C:\\ColdFusion10\\cfusion\jintegra\bin;C:\\ColdFusion10\\cfusion\jintegra\bin\international;C:\\ColdFusion10\\cfusion\lib\oosdk\classes\win
Mar 24, 2019 12:51:03 AM org.apache.coyote.AbstractProtocol init
INFO: Initializing ProtocolHandler ["http-bio-8500"]
Mar 24, 2019 12:51:03 AM org.apache.coyote.AbstractProtocol init
INFO: Initializing ProtocolHandler ["ajp-bio-8012"]
Mar 24, 2019 12:51:03 AM org.apache.catalina.core.StandardService startInternal
INFO: Starting service Catalina
Mar 24, 2019 12:51:03 AM org.apache.catalina.core.StandardEngine startInternal
INFO: Starting Servlet Engine: Apache Tomcat/7.0.23
Mar 24, 2019 12:51:05 AM org.apache.catalina.core.ApplicationContext log
INFO: ColdFusionStartUpServlet: ColdFusion: Starting application services
Mar 24, 2019 12:51:05 AM org.apache.catalina.core.ApplicationContext log
INFO: ColdFusionStartUpServlet: ColdFusion: VM version = 23.7-b01
Mar 24, 2019 12:51:09 AM org.apache.catalina.core.ApplicationContext log
INFO: CFMxmlServlet: Macromedia Flex Build: 87315.134646
Mar 24, 2019 12:51:13 AM org.apache.coyote.AbstractProtocol start
INFO: Starting ProtocolHandler ["http-bio-8500"]
Mar 24, 2019 12:51:13 AM org.apache.coyote.AbstractProtocol start
INFO: Starting ProtocolHandler ["ajp-bio-8012"]
Mar 24, 2019 12:51:13 AM com.adobe.coldfusion.launcher.Launcher run
INFO: Server startup in 11520 ms
Mar 24, 2019 8:36:28 AM org.apache.catalina.core.AprLifecycleListener init
INFO: The APR based Apache Tomcat Native library which allows optimal performance in production environments was not found on the java.library.path: C:\\ColdFusion10\\cfusion\lib;C:\\ColdFusion10\\cfusion\jintegra\bin;C:\\ColdFusion10\\cfusion\jintegra\bin\international;C:\\ColdFusion10\\cfusion\lib\oosdk\classes\win
Mar 24, 2019 8:36:29 AM org.apache.coyote.AbstractProtocol init
INFO: Initializing ProtocolHandler ["http-bio-8500"]
Mar 24, 2019 8:36:29 AM org.apache.coyote.AbstractProtocol init
INFO: Initializing ProtocolHandler ["ajp-bio-8012"]
Mar 24, 2019 8:36:29 AM org.apache.catalina.core.StandardService startInternal
INFO: Starting service Catalina
Mar 24, 2019 8:36:29 AM org.apache.catalina.core.StandardEngine startInternal
INFO: Starting Servlet Engine: Apache Tomcat/7.0.23
Mar 24, 2019 8:36:31 AM org.apache.catalina.core.ApplicationContext log
INFO: ColdFusionStartUpServlet: ColdFusion: Starting application services
Mar 24, 2019 8:36:31 AM org.apache.catalina.core.ApplicationContext log
INFO: ColdFusionStartUpServlet: ColdFusion: VM version = 23.7-b01
Mar 24, 2019 8:36:35 AM org.apache.catalina.core.ApplicationContext log
INFO: CFMxmlServlet: Macromedia Flex Build: 87315.134646
Mar 24, 2019 8:36:39 AM org.apache.coyote.AbstractProtocol start
INFO: Starting ProtocolHandler ["http-bio-8500"]
Mar 24, 2019 8:36:39 AM org.apache.coyote.AbstractProtocol start
INFO: Starting ProtocolHandler ["ajp-bio-8012"]
Mar 24, 2019 8:36:39 AM com.adobe.coldfusion.launcher.Launcher run
INFO: Server startup in 11946 ms
SQLException while attempting to connect: com.mysql.jdbc.exceptions.jdbc4.MySQLNonTransientConnectionException: Could not create connection to database server. Attempted reconnect 3 times. Giving up..
Could not create connection to database server. Attempted reconnect 3 times. Giving up.
Could not create connection to database server. Attempted reconnect 3 times. Giving up.
SQLException while attempting to connect: com.mysql.jdbc.exceptions.jdbc4.MySQLNonTransientConnectionException: Could not create connection to database server. Attempted reconnect 3 times. Giving up..
Could not create connection to database server. Attempted reconnect 3 times. Giving up.
Could not create connection to database server. Attempted reconnect 3 times. Giving up.
Mar 24, 2019 8:49:23 AM org.apache.catalina.core.StandardServer await
INFO: A valid shutdown command was received via the shutdown port. Stopping the Server instance.
Mar 24, 2019 8:49:23 AM org.apache.coyote.AbstractProtocol pause
INFO: Pausing ProtocolHandler ["http-bio-8500"]
Mar 24, 2019 8:49:23 AM org.apache.coyote.AbstractProtocol pause
INFO: Pausing ProtocolHandler ["ajp-bio-8012"]
Mar 24, 2019 8:49:23 AM org.apache.catalina.core.StandardService stopInternal
INFO: Stopping service Catalina
Mar 24, 2019 8:49:28 AM org.apache.catalina.loader.WebappClassLoader checkThreadLocalMapForLeaks
SEVERE: The web application [/] created a ThreadLocal with key of type [coldfusion.util.DateUtils$1] (value [coldfusion.util.DateUtils$1@2dfc6d6]) and a value of type [java.util.GregorianCalendar] (value [java.util.GregorianCalendar[time=1553431372929,areFieldsSet=true,areAllFieldsSet=true,lenient=false,zone=sun.util.calendar.ZoneInfo[id="America/New_York",offset=-18000000,dstSavings=3600000,useDaylight=true,transitions=235,lastRule=java.util.SimpleTimeZone[id=America/New_York,offset=-18000000,dstSavings=3600000,useDaylight=true,startYear=0,startMode=3,startMonth=2,startDay=8,startDayOfWeek=1,startTime=7200000,startTimeMode=0,endMode=3,endMonth=10,endDay=1,endDayOfWeek=1,endTime=7200000,endTimeMode=0]],firstDayOfWeek=1,minimalDaysInFirstWeek=1,ERA=1,YEAR=2019,MONTH=2,WEEK_OF_YEAR=13,WEEK_OF_MONTH=5,DAY_OF_MONTH=24,DAY_OF_YEAR=83,DAY_OF_WEEK=1,DAY_OF_WEEK_IN_MONTH=4,AM_PM=0,HOUR=8,HOUR_OF_DAY=8,MINUTE=42,SECOND=52,MILLISECOND=929,ZONE_OFFSET=-18000000,DST_OFFSET=3600000]]) but failed to remove it when the web application was stopped. Threads are going to be renewed over time to try and avoid a probable memory leak.
Mar 24, 2019 8:49:28 AM org.apache.coyote.AbstractProtocol stop
INFO: Stopping ProtocolHandler ["http-bio-8500"]
Mar 24, 2019 8:49:28 AM org.apache.coyote.AbstractProtocol stop
INFO: Stopping ProtocolHandler ["ajp-bio-8012"]
