----------------------------------------------------------------
Sat Mar 23 21:43:48 EDT 2019:
Booting Derby version The Apache Software Foundation - Apache Derby - 10.8.1.2 - (1095077): instance a816c00e-0169-ad5e-3e41-00007efe6c83 
on database directory C:\ColdFusion10\cfusion\db\artgallery  with class loader coldfusion.bootstrap.BootstrapClassLoader@704e2d11 
Loaded from file:/C:/ColdFusion10/cfusion/lib/derby.jar
java.vendor=Oracle Corporation
java.runtime.version=1.7.0_15-b03
user.dir=C:\ColdFusion10\cfusion\bin
derby.system.home=C:\ColdFusion10\cfusion/db
derby.stream.error.file=../logs/derby.log
Database Class Loader started - derby.database.classpath=''
----------------------------------------------------------------
Sat Mar 23 21:43:48 EDT 2019:
Booting Derby version The Apache Software Foundation - Apache Derby - 10.8.1.2 - (1095077): instance 601a400f-0169-ad5e-3e41-00007efe6c83 
on database directory C:\ColdFusion10\cfusion\db\bookclub  with class loader coldfusion.bootstrap.BootstrapClassLoader@704e2d11 
Loaded from file:/C:/ColdFusion10/cfusion/lib/derby.jar
java.vendor=Oracle Corporation
java.runtime.version=1.7.0_15-b03
user.dir=C:\ColdFusion10\cfusion\bin
derby.system.home=C:\ColdFusion10\cfusion/db
derby.stream.error.file=../logs/derby.log
Database Class Loader started - derby.database.classpath=''
----------------------------------------------------------------
Sat Mar 23 21:43:49 EDT 2019:
Booting Derby version The Apache Software Foundation - Apache Derby - 10.8.1.2 - (1095077): instance f81e0010-0169-ad5e-3e41-00007efe6c83 
on database directory C:\ColdFusion10\cfusion\db\cfcodeexplorer  with class loader coldfusion.bootstrap.BootstrapClassLoader@704e2d11 
Loaded from file:/C:/ColdFusion10/cfusion/lib/derby.jar
java.vendor=Oracle Corporation
java.runtime.version=1.7.0_15-b03
user.dir=C:\ColdFusion10\cfusion\bin
derby.system.home=C:\ColdFusion10\cfusion/db
derby.stream.error.file=../logs/derby.log
Database Class Loader started - derby.database.classpath=''
----------------------------------------------------------------
Sat Mar 23 21:43:50 EDT 2019:
Booting Derby version The Apache Software Foundation - Apache Derby - 10.8.1.2 - (1095077): instance 80220011-0169-ad5e-3e41-00007efe6c83 
on database directory C:\ColdFusion10\cfusion\db\cfdocexamples  with class loader coldfusion.bootstrap.BootstrapClassLoader@704e2d11 
Loaded from file:/C:/ColdFusion10/cfusion/lib/derby.jar
java.vendor=Oracle Corporation
java.runtime.version=1.7.0_15-b03
user.dir=C:\ColdFusion10\cfusion\bin
derby.system.home=C:\ColdFusion10\cfusion/db
derby.stream.error.file=../logs/derby.log
Database Class Loader started - derby.database.classpath=''
