"Severity","ThreadID","Date","Time","Application","Message"
"Information","pool-2-thread-1","03/23/19","20:43:56",,"C:\ColdFusion10\cfusion\logs\server.log initialized"
"Information","pool-2-thread-1","03/23/19","20:43:56",,"Starting logging..."
"Information","pool-2-thread-1","03/23/19","20:43:56",,"Starting license..."
"Information","pool-2-thread-1","03/23/19","20:43:57",,"Invalid ColdFusion 10 license."
"Information","pool-2-thread-1","03/23/19","20:43:57",,"Invalid ColdFusion 10 license."
"Information","pool-2-thread-1","03/23/19","20:43:57",,"Invalid ColdFusion 10 license."
"Information","pool-2-thread-1","03/23/19","20:43:57",,"Developer Edition enabled"
"Information","pool-2-thread-1","03/23/19","20:43:57",,"Starting crypto..."
"Information","pool-2-thread-1","03/23/19","20:43:57",,"Installed JSafe JCE provider: Version 6.0 Crypto-J 6.0, EMC Corporation. JsafeJCE Security Provider (implements RSA, DSA, ECDSA, Diffie-Hellman, ECDH, AES, DES, Triple DES, DESX, RC2, RC4, RC5, PBE, MD2, MD5, RIPEMD160, SHA1, SHA224, SHA256, SHA384, SHA512, HMAC-MD5, HMAC-RIPEMD160, HMAC-SHA1, HMAC-SHA224, HMAC-SHA256, HMAC-SHA384, HMAC-SHA512, FIPS186PRNG, ECDRBG, HMACDRBG, SHA1PRNG, MD5PRNG; RFC 3394, RFC 5649 AES Key Wrap; X.509 CertificateFactory; PKCS12, PKCS15 KeyStore; X.509V1, PKIX, PKIX-SuiteB, PKIX-SuiteBTLS CertPathValidators; X.509V1, PKIX, PKIX-SuiteB, PKIX-SuiteBTLS CertPathBuilders; LDAP, Collection CertStores)"
"Information","pool-2-thread-1","03/23/19","20:43:57",,"Starting security..."
"Information","pool-2-thread-1","03/23/19","20:43:59",,"Starting scheduler..."
"Information","pool-2-thread-1","03/23/19","20:43:59",,"Starting WatchService..."
"Information","pool-2-thread-1","03/23/19","20:43:59",,"Starting debugging..."
"Information","pool-2-thread-1","03/23/19","20:43:59",,"Starting sql..."
"Information","pool-2-thread-1","03/23/19","20:43:59",,"Starting mail..."
"Information","pool-2-thread-1","03/23/19","20:43:59",,"Starting runtime..."
"Information","pool-2-thread-1","03/23/19","20:43:59",,"CORBA Configuration not enabled"
"Information","pool-2-thread-1","03/23/19","20:43:59",,"Starting cron..."
"Information","pool-2-thread-1","03/23/19","20:43:59",,"Starting registry..."
"Information","pool-2-thread-1","03/23/19","20:43:59",,"Starting client..."
"Information","pool-2-thread-1","03/23/19","20:43:59",,"Starting xmlrpc..."
"Information","pool-2-thread-1","03/23/19","20:44:00",,"Starting jaxrs..."
"Information","pool-2-thread-1","03/23/19","20:44:00",,"Starting graphing..."
"Information","pool-2-thread-1","03/23/19","20:44:00",,"Starting solr..."
"Information","pool-2-thread-1","03/23/19","20:44:00",,"Starting archive..."
"Information","pool-2-thread-1","03/23/19","20:44:00",,"Starting document..."
"Information","pool-2-thread-1","03/23/19","20:44:00",,"Starting eventgateway..."
"Information","pool-2-thread-1","03/23/19","20:44:00",,"Starting FlexAssembler..."
"Information","pool-2-thread-1","03/23/19","20:44:00",,"Starting .NET..."
"Information","pool-2-thread-1","03/23/19","20:44:00",,"Starting Monitoring..."
"Information","pool-2-thread-1","03/23/19","20:44:00",,"Starting WebSocket..."
"Information","pool-2-thread-1","03/23/19","20:44:00",,"WebSocket server listens on port: 8575"
"Information","pool-2-thread-1","03/23/19","20:44:00",,"ColdFusion started"
"Information","pool-2-thread-1","03/23/19","20:44:00",,"ColdFusion: application services are now available"
"Information","catalina-exec-2","03/23/19","20:50:54",,"Pool Manager Started"
"Error","catalina-exec-3","03/23/19","20:57:06",,"Could not create connection to database server. Attempted reconnect 3 times. Giving up."
"Error","catalina-exec-3","03/23/19","20:57:10",,"Could not create connection to database server. Attempted reconnect 3 times. Giving up."
"Error","catalina-exec-10","03/23/19","20:59:45",,"Could not create connection to database server. Attempted reconnect 3 times. Giving up."
"Error","catalina-exec-10","03/23/19","20:59:49",,"Could not create connection to database server. Attempted reconnect 3 times. Giving up."
"Error","catalina-exec-10","03/23/19","21:00:10",,"Could not create connection to database server. Attempted reconnect 3 times. Giving up."
"Error","catalina-exec-10","03/23/19","21:00:14",,"Could not create connection to database server. Attempted reconnect 3 times. Giving up."
"Error","catalina-exec-1","03/23/19","21:07:30",,"Could not create connection to database server. Attempted reconnect 3 times. Giving up."
"Error","catalina-exec-1","03/23/19","21:07:34",,"Could not create connection to database server. Attempted reconnect 3 times. Giving up."
"Error","catalina-exec-12","03/23/19","21:08:15",,"Could not create connection to database server. Attempted reconnect 3 times. Giving up."
"Error","catalina-exec-12","03/23/19","21:08:19",,"Could not create connection to database server. Attempted reconnect 3 times. Giving up."
"Error","catalina-exec-10","03/23/19","21:08:47",,"Could not create connection to database server. Attempted reconnect 3 times. Giving up."
"Error","catalina-exec-3","03/23/19","21:13:08",,"[Macromedia][MySQL JDBC Driver][MySQL]Access denied for user 'root'@'localhost' (using password: YES)"
"Error","catalina-exec-3","03/23/19","21:13:08",,"[Macromedia][MySQL JDBC Driver][MySQL]Access denied for user 'root'@'localhost' (using password: YES)"
"Error","catalina-exec-3","03/23/19","21:13:32",,"[Macromedia][MySQL JDBC Driver][MySQL]Access denied for user 'cw3'@'localhost' (using password: YES)"
"Error","catalina-exec-3","03/23/19","21:13:32",,"[Macromedia][MySQL JDBC Driver][MySQL]Access denied for user 'cw3'@'localhost' (using password: YES)"
"Error","catalina-exec-13","03/23/19","21:14:42",,"[Macromedia][MySQL JDBC Driver]Connections to MySQL Community Server are not supported. Please contact MySQL to obtain a MySQL Enterprise or Commercial version."
"Error","catalina-exec-13","03/23/19","21:14:42",,"[Macromedia][MySQL JDBC Driver]Connections to MySQL Community Server are not supported. Please contact MySQL to obtain a MySQL Enterprise or Commercial version."
"Error","catalina-exec-10","03/23/19","21:18:43",,"[Macromedia][MySQL JDBC Driver]Connections to MySQL Community Server are not supported. Please contact MySQL to obtain a MySQL Enterprise or Commercial version."
"Error","catalina-exec-10","03/23/19","21:18:46",,"[Macromedia][MySQL JDBC Driver]Connections to MySQL Community Server are not supported. Please contact MySQL to obtain a MySQL Enterprise or Commercial version."
"Error","catalina-exec-10","03/23/19","21:19:00",,"[Macromedia][MySQL JDBC Driver]Connections to MySQL Community Server are not supported. Please contact MySQL to obtain a MySQL Enterprise or Commercial version."
"Error","catalina-exec-10","03/23/19","21:19:00",,"[Macromedia][MySQL JDBC Driver]Connections to MySQL Community Server are not supported. Please contact MySQL to obtain a MySQL Enterprise or Commercial version."
"Error","catalina-exec-13","03/23/19","21:20:41",,"[Macromedia][MySQL JDBC Driver]Connections to MySQL Community Server are not supported. Please contact MySQL to obtain a MySQL Enterprise or Commercial version."
"Error","catalina-exec-13","03/23/19","21:20:41",,"[Macromedia][MySQL JDBC Driver]Connections to MySQL Community Server are not supported. Please contact MySQL to obtain a MySQL Enterprise or Commercial version."
"Error","catalina-exec-13","03/23/19","21:21:01",,"[Macromedia][MySQL JDBC Driver][MySQL]Access denied for user 'root'@'localhost' (using password: YES)"
"Error","catalina-exec-13","03/23/19","21:21:01",,"[Macromedia][MySQL JDBC Driver][MySQL]Access denied for user 'root'@'localhost' (using password: YES)"
"Error","catalina-exec-3","03/23/19","21:43:44",,"[Macromedia][MySQL JDBC Driver][MySQL]Access denied for user 'root'@'localhost' (using password: YES)"
"Error","catalina-exec-3","03/23/19","21:43:44",,"[Macromedia][MySQL JDBC Driver][MySQL]Access denied for user 'root'@'localhost' (using password: YES)"
"Error","catalina-exec-3","03/23/19","21:43:52",,"[Macromedia][MySQL JDBC Driver][MySQL]Access denied for user 'root'@'localhost' (using password: YES)"
"Information","pool-2-thread-2","03/23/19","21:47:54",,"ColdFusion stopped"
"Information","pool-2-thread-1","03/23/19","21:48:05",,"Starting logging..."
"Information","pool-2-thread-1","03/23/19","21:48:05",,"Starting license..."
"Information","pool-2-thread-1","03/23/19","21:48:06",,"Invalid ColdFusion 10 license."
"Information","pool-2-thread-1","03/23/19","21:48:06",,"Invalid ColdFusion 10 license."
"Information","pool-2-thread-1","03/23/19","21:48:06",,"Invalid ColdFusion 10 license."
"Information","pool-2-thread-1","03/23/19","21:48:06",,"Developer Edition enabled"
"Information","pool-2-thread-1","03/23/19","21:48:06",,"Starting crypto..."
"Information","pool-2-thread-1","03/23/19","21:48:06",,"Installed JSafe JCE provider: Version 6.0 Crypto-J 6.0, EMC Corporation. JsafeJCE Security Provider (implements RSA, DSA, ECDSA, Diffie-Hellman, ECDH, AES, DES, Triple DES, DESX, RC2, RC4, RC5, PBE, MD2, MD5, RIPEMD160, SHA1, SHA224, SHA256, SHA384, SHA512, HMAC-MD5, HMAC-RIPEMD160, HMAC-SHA1, HMAC-SHA224, HMAC-SHA256, HMAC-SHA384, HMAC-SHA512, FIPS186PRNG, ECDRBG, HMACDRBG, SHA1PRNG, MD5PRNG; RFC 3394, RFC 5649 AES Key Wrap; X.509 CertificateFactory; PKCS12, PKCS15 KeyStore; X.509V1, PKIX, PKIX-SuiteB, PKIX-SuiteBTLS CertPathValidators; X.509V1, PKIX, PKIX-SuiteB, PKIX-SuiteBTLS CertPathBuilders; LDAP, Collection CertStores)"
"Information","pool-2-thread-1","03/23/19","21:48:06",,"Starting security..."
"Information","pool-2-thread-1","03/23/19","21:48:07",,"Starting scheduler..."
"Information","pool-2-thread-1","03/23/19","21:48:07",,"Starting WatchService..."
"Information","pool-2-thread-1","03/23/19","21:48:07",,"Starting debugging..."
"Information","pool-2-thread-1","03/23/19","21:48:07",,"Starting sql..."
"Information","pool-2-thread-1","03/23/19","21:48:07",,"Pool Manager Started"
"Information","pool-2-thread-1","03/23/19","21:48:08",,"Starting mail..."
"Information","pool-2-thread-1","03/23/19","21:48:08",,"Starting runtime..."
"Information","pool-2-thread-1","03/23/19","21:48:08",,"CORBA Configuration not enabled"
"Information","pool-2-thread-1","03/23/19","21:48:08",,"Starting cron..."
"Information","pool-2-thread-1","03/23/19","21:48:08",,"Starting registry..."
"Information","pool-2-thread-1","03/23/19","21:48:08",,"Starting client..."
"Information","pool-2-thread-1","03/23/19","21:48:08",,"Starting xmlrpc..."
"Information","pool-2-thread-1","03/23/19","21:48:09",,"Starting jaxrs..."
"Information","pool-2-thread-1","03/23/19","21:48:09",,"Starting graphing..."
"Information","pool-2-thread-1","03/23/19","21:48:09",,"Starting solr..."
"Information","pool-2-thread-1","03/23/19","21:48:09",,"Starting archive..."
"Information","pool-2-thread-1","03/23/19","21:48:09",,"Starting document..."
"Information","pool-2-thread-1","03/23/19","21:48:09",,"Starting eventgateway..."
"Information","pool-2-thread-1","03/23/19","21:48:09",,"Starting FlexAssembler..."
"Information","pool-2-thread-1","03/23/19","21:48:09",,"Starting .NET..."
"Information","pool-2-thread-1","03/23/19","21:48:09",,"Starting Monitoring..."
"Information","pool-2-thread-1","03/23/19","21:48:09",,"Starting WebSocket..."
"Information","pool-2-thread-1","03/23/19","21:48:09",,"WebSocket server listens on port: 8575"
"Information","pool-2-thread-1","03/23/19","21:48:09",,"ColdFusion started"
"Information","pool-2-thread-1","03/23/19","21:48:09",,"ColdFusion: application services are now available"
"Error","catalina-exec-4","03/23/19","21:48:56",,"[Macromedia][MySQL JDBC Driver][MySQL]Access denied for user 'root'@'localhost' (using password: YES)"
"Error","catalina-exec-4","03/23/19","21:48:56",,"[Macromedia][MySQL JDBC Driver][MySQL]Access denied for user 'root'@'localhost' (using password: YES)"
"Information","pool-2-thread-2","03/23/19","21:51:55",,"ColdFusion stopped"
"Information","pool-2-thread-1","03/23/19","21:52:13",,"Starting logging..."
"Information","pool-2-thread-1","03/23/19","21:52:13",,"Starting license..."
"Information","pool-2-thread-1","03/23/19","21:52:14",,"Invalid ColdFusion 10 license."
"Information","pool-2-thread-1","03/23/19","21:52:14",,"Invalid ColdFusion 10 license."
"Information","pool-2-thread-1","03/23/19","21:52:14",,"Invalid ColdFusion 10 license."
"Information","pool-2-thread-1","03/23/19","21:52:14",,"Developer Edition enabled"
"Information","pool-2-thread-1","03/23/19","21:52:14",,"Starting crypto..."
"Information","pool-2-thread-1","03/23/19","21:52:14",,"Installed JSafe JCE provider: Version 6.0 Crypto-J 6.0, EMC Corporation. JsafeJCE Security Provider (implements RSA, DSA, ECDSA, Diffie-Hellman, ECDH, AES, DES, Triple DES, DESX, RC2, RC4, RC5, PBE, MD2, MD5, RIPEMD160, SHA1, SHA224, SHA256, SHA384, SHA512, HMAC-MD5, HMAC-RIPEMD160, HMAC-SHA1, HMAC-SHA224, HMAC-SHA256, HMAC-SHA384, HMAC-SHA512, FIPS186PRNG, ECDRBG, HMACDRBG, SHA1PRNG, MD5PRNG; RFC 3394, RFC 5649 AES Key Wrap; X.509 CertificateFactory; PKCS12, PKCS15 KeyStore; X.509V1, PKIX, PKIX-SuiteB, PKIX-SuiteBTLS CertPathValidators; X.509V1, PKIX, PKIX-SuiteB, PKIX-SuiteBTLS CertPathBuilders; LDAP, Collection CertStores)"
"Information","pool-2-thread-1","03/23/19","21:52:14",,"Starting security..."
"Information","pool-2-thread-1","03/23/19","21:52:14",,"Starting scheduler..."
"Information","pool-2-thread-1","03/23/19","21:52:14",,"Starting WatchService..."
"Information","pool-2-thread-1","03/23/19","21:52:14",,"Starting debugging..."
"Information","pool-2-thread-1","03/23/19","21:52:14",,"Starting sql..."
"Information","pool-2-thread-1","03/23/19","21:52:15",,"Pool Manager Started"
"Information","pool-2-thread-1","03/23/19","21:52:15",,"Starting mail..."
"Information","pool-2-thread-1","03/23/19","21:52:16",,"Starting runtime..."
"Information","pool-2-thread-1","03/23/19","21:52:16",,"CORBA Configuration not enabled"
"Information","pool-2-thread-1","03/23/19","21:52:16",,"Starting cron..."
"Information","pool-2-thread-1","03/23/19","21:52:16",,"Starting registry..."
"Information","pool-2-thread-1","03/23/19","21:52:16",,"Starting client..."
"Information","pool-2-thread-1","03/23/19","21:52:16",,"Starting xmlrpc..."
"Information","pool-2-thread-1","03/23/19","21:52:16",,"Starting jaxrs..."
"Information","pool-2-thread-1","03/23/19","21:52:16",,"Starting graphing..."
"Information","pool-2-thread-1","03/23/19","21:52:16",,"Starting solr..."
"Information","pool-2-thread-1","03/23/19","21:52:16",,"Starting archive..."
"Information","pool-2-thread-1","03/23/19","21:52:16",,"Starting document..."
"Information","pool-2-thread-1","03/23/19","21:52:16",,"Starting eventgateway..."
"Information","pool-2-thread-1","03/23/19","21:52:16",,"Starting FlexAssembler..."
"Information","pool-2-thread-1","03/23/19","21:52:16",,"Starting .NET..."
"Information","pool-2-thread-1","03/23/19","21:52:16",,"Starting Monitoring..."
"Information","pool-2-thread-1","03/23/19","21:52:16",,"Starting WebSocket..."
"Information","pool-2-thread-1","03/23/19","21:52:17",,"WebSocket server listens on port: 8575"
"Information","pool-2-thread-1","03/23/19","21:52:17",,"ColdFusion started"
"Information","pool-2-thread-1","03/23/19","21:52:17",,"ColdFusion: application services are now available"
"Error","catalina-exec-5","03/23/19","21:52:54",,"[Macromedia][MySQL JDBC Driver][MySQL]Access denied for user 'root'@'localhost' (using password: YES)"
"Error","catalina-exec-5","03/23/19","21:52:54",,"[Macromedia][MySQL JDBC Driver][MySQL]Access denied for user 'root'@'localhost' (using password: YES)"
"Information","pool-2-thread-2","03/23/19","22:01:28",,"ColdFusion stopped"
"Information","pool-2-thread-1","03/23/19","22:03:43",,"Starting logging..."
"Information","pool-2-thread-1","03/23/19","22:03:43",,"Starting license..."
"Information","pool-2-thread-1","03/23/19","22:03:44",,"Invalid ColdFusion 10 license."
"Information","pool-2-thread-1","03/23/19","22:03:44",,"Invalid ColdFusion 10 license."
"Information","pool-2-thread-1","03/23/19","22:03:44",,"Invalid ColdFusion 10 license."
"Information","pool-2-thread-1","03/23/19","22:03:44",,"Developer Edition enabled"
"Information","pool-2-thread-1","03/23/19","22:03:44",,"Starting crypto..."
"Information","pool-2-thread-1","03/23/19","22:03:44",,"Installed JSafe JCE provider: Version 6.0 Crypto-J 6.0, EMC Corporation. JsafeJCE Security Provider (implements RSA, DSA, ECDSA, Diffie-Hellman, ECDH, AES, DES, Triple DES, DESX, RC2, RC4, RC5, PBE, MD2, MD5, RIPEMD160, SHA1, SHA224, SHA256, SHA384, SHA512, HMAC-MD5, HMAC-RIPEMD160, HMAC-SHA1, HMAC-SHA224, HMAC-SHA256, HMAC-SHA384, HMAC-SHA512, FIPS186PRNG, ECDRBG, HMACDRBG, SHA1PRNG, MD5PRNG; RFC 3394, RFC 5649 AES Key Wrap; X.509 CertificateFactory; PKCS12, PKCS15 KeyStore; X.509V1, PKIX, PKIX-SuiteB, PKIX-SuiteBTLS CertPathValidators; X.509V1, PKIX, PKIX-SuiteB, PKIX-SuiteBTLS CertPathBuilders; LDAP, Collection CertStores)"
"Information","pool-2-thread-1","03/23/19","22:03:44",,"Starting security..."
"Information","pool-2-thread-1","03/23/19","22:03:45",,"Starting scheduler..."
"Information","pool-2-thread-1","03/23/19","22:03:45",,"Starting WatchService..."
"Information","pool-2-thread-1","03/23/19","22:03:45",,"Starting debugging..."
"Information","pool-2-thread-1","03/23/19","22:03:45",,"Starting sql..."
"Information","pool-2-thread-1","03/23/19","22:03:45",,"Pool Manager Started"
"Information","pool-2-thread-1","03/23/19","22:03:46",,"Starting mail..."
"Information","pool-2-thread-1","03/23/19","22:03:46",,"Starting runtime..."
"Information","pool-2-thread-1","03/23/19","22:03:46",,"CORBA Configuration not enabled"
"Information","pool-2-thread-1","03/23/19","22:03:46",,"Starting cron..."
"Information","pool-2-thread-1","03/23/19","22:03:46",,"Starting registry..."
"Information","pool-2-thread-1","03/23/19","22:03:46",,"Starting client..."
"Information","pool-2-thread-1","03/23/19","22:03:46",,"Starting xmlrpc..."
"Information","pool-2-thread-1","03/23/19","22:03:47",,"Starting jaxrs..."
"Information","pool-2-thread-1","03/23/19","22:03:47",,"Starting graphing..."
"Information","pool-2-thread-1","03/23/19","22:03:47",,"Starting solr..."
"Information","pool-2-thread-1","03/23/19","22:03:47",,"Starting archive..."
"Information","pool-2-thread-1","03/23/19","22:03:47",,"Starting document..."
"Information","pool-2-thread-1","03/23/19","22:03:47",,"Starting eventgateway..."
"Information","pool-2-thread-1","03/23/19","22:03:47",,"Starting FlexAssembler..."
"Information","pool-2-thread-1","03/23/19","22:03:47",,"Starting .NET..."
"Information","pool-2-thread-1","03/23/19","22:03:47",,"Starting Monitoring..."
"Information","pool-2-thread-1","03/23/19","22:03:47",,"Starting WebSocket..."
"Information","pool-2-thread-1","03/23/19","22:03:47",,"WebSocket server listens on port: 8575"
"Information","pool-2-thread-1","03/23/19","22:03:47",,"ColdFusion started"
"Information","pool-2-thread-1","03/23/19","22:03:47",,"ColdFusion: application services are now available"
"Error","catalina-exec-5","03/23/19","22:04:07",,"[Macromedia][MySQL JDBC Driver][MySQL]Access denied for user 'root'@'localhost' (using password: YES)"
"Error","catalina-exec-5","03/23/19","22:04:07",,"[Macromedia][MySQL JDBC Driver][MySQL]Access denied for user 'root'@'localhost' (using password: YES)"
"Error","catalina-exec-5","03/23/19","22:04:26",,"[Macromedia][MySQL JDBC Driver][MySQL]Access denied for user 'root'@'localhost' (using password: YES)"
"Error","catalina-exec-5","03/23/19","22:04:26",,"[Macromedia][MySQL JDBC Driver][MySQL]Access denied for user 'root'@'localhost' (using password: YES)"
"Information","pool-2-thread-2","03/23/19","22:09:45",,"ColdFusion stopped"
"Information","pool-2-thread-1","03/23/19","22:11:23",,"Starting logging..."
"Information","pool-2-thread-1","03/23/19","22:11:23",,"Starting license..."
"Information","pool-2-thread-1","03/23/19","22:11:23",,"Invalid ColdFusion 10 license."
"Information","pool-2-thread-1","03/23/19","22:11:23",,"Invalid ColdFusion 10 license."
"Information","pool-2-thread-1","03/23/19","22:11:23",,"Invalid ColdFusion 10 license."
"Information","pool-2-thread-1","03/23/19","22:11:23",,"Developer Edition enabled"
"Information","pool-2-thread-1","03/23/19","22:11:24",,"Starting crypto..."
"Information","pool-2-thread-1","03/23/19","22:11:24",,"Installed JSafe JCE provider: Version 6.0 Crypto-J 6.0, EMC Corporation. JsafeJCE Security Provider (implements RSA, DSA, ECDSA, Diffie-Hellman, ECDH, AES, DES, Triple DES, DESX, RC2, RC4, RC5, PBE, MD2, MD5, RIPEMD160, SHA1, SHA224, SHA256, SHA384, SHA512, HMAC-MD5, HMAC-RIPEMD160, HMAC-SHA1, HMAC-SHA224, HMAC-SHA256, HMAC-SHA384, HMAC-SHA512, FIPS186PRNG, ECDRBG, HMACDRBG, SHA1PRNG, MD5PRNG; RFC 3394, RFC 5649 AES Key Wrap; X.509 CertificateFactory; PKCS12, PKCS15 KeyStore; X.509V1, PKIX, PKIX-SuiteB, PKIX-SuiteBTLS CertPathValidators; X.509V1, PKIX, PKIX-SuiteB, PKIX-SuiteBTLS CertPathBuilders; LDAP, Collection CertStores)"
"Information","pool-2-thread-1","03/23/19","22:11:24",,"Starting security..."
"Information","pool-2-thread-1","03/23/19","22:11:24",,"Starting scheduler..."
"Information","pool-2-thread-1","03/23/19","22:11:24",,"Starting WatchService..."
"Information","pool-2-thread-1","03/23/19","22:11:25",,"Starting debugging..."
"Information","pool-2-thread-1","03/23/19","22:11:25",,"Starting sql..."
"Information","pool-2-thread-1","03/23/19","22:11:25",,"Pool Manager Started"
"Information","pool-2-thread-1","03/23/19","22:11:26",,"Starting mail..."
"Information","pool-2-thread-1","03/23/19","22:11:26",,"Starting runtime..."
"Information","pool-2-thread-1","03/23/19","22:11:26",,"CORBA Configuration not enabled"
"Information","pool-2-thread-1","03/23/19","22:11:26",,"Starting cron..."
"Information","pool-2-thread-1","03/23/19","22:11:26",,"Starting registry..."
"Information","pool-2-thread-1","03/23/19","22:11:26",,"Starting client..."
"Information","pool-2-thread-1","03/23/19","22:11:26",,"Starting xmlrpc..."
"Information","pool-2-thread-1","03/23/19","22:11:26",,"Starting jaxrs..."
"Information","pool-2-thread-1","03/23/19","22:11:26",,"Starting graphing..."
"Information","pool-2-thread-1","03/23/19","22:11:26",,"Starting solr..."
"Information","pool-2-thread-1","03/23/19","22:11:26",,"Starting archive..."
"Information","pool-2-thread-1","03/23/19","22:11:26",,"Starting document..."
"Information","pool-2-thread-1","03/23/19","22:11:26",,"Starting eventgateway..."
"Information","pool-2-thread-1","03/23/19","22:11:26",,"Starting FlexAssembler..."
"Information","pool-2-thread-1","03/23/19","22:11:26",,"Starting .NET..."
"Information","pool-2-thread-1","03/23/19","22:11:26",,"Starting Monitoring..."
"Information","pool-2-thread-1","03/23/19","22:11:27",,"Starting WebSocket..."
"Information","pool-2-thread-1","03/23/19","22:11:27",,"WebSocket server listens on port: 8575"
"Information","pool-2-thread-1","03/23/19","22:11:27",,"ColdFusion started"
"Information","pool-2-thread-1","03/23/19","22:11:27",,"ColdFusion: application services are now available"
"Error","catalina-exec-5","03/23/19","22:12:03",,"[Macromedia][MySQL JDBC Driver][MySQL]Access denied for user 'root'@'localhost' (using password: YES)"
"Error","catalina-exec-5","03/23/19","22:12:03",,"[Macromedia][MySQL JDBC Driver][MySQL]Access denied for user 'root'@'localhost' (using password: YES)"
"Information","pool-2-thread-2","03/23/19","22:14:02",,"ColdFusion stopped"
"Information","pool-2-thread-1","03/23/19","22:14:58",,"Starting logging..."
"Information","pool-2-thread-1","03/23/19","22:14:58",,"Starting license..."
"Information","pool-2-thread-1","03/23/19","22:14:59",,"Invalid ColdFusion 10 license."
"Information","pool-2-thread-1","03/23/19","22:14:59",,"Invalid ColdFusion 10 license."
"Information","pool-2-thread-1","03/23/19","22:14:59",,"Invalid ColdFusion 10 license."
"Information","pool-2-thread-1","03/23/19","22:14:59",,"Developer Edition enabled"
"Information","pool-2-thread-1","03/23/19","22:14:59",,"Starting crypto..."
"Information","pool-2-thread-1","03/23/19","22:15:00",,"Installed JSafe JCE provider: Version 6.0 Crypto-J 6.0, EMC Corporation. JsafeJCE Security Provider (implements RSA, DSA, ECDSA, Diffie-Hellman, ECDH, AES, DES, Triple DES, DESX, RC2, RC4, RC5, PBE, MD2, MD5, RIPEMD160, SHA1, SHA224, SHA256, SHA384, SHA512, HMAC-MD5, HMAC-RIPEMD160, HMAC-SHA1, HMAC-SHA224, HMAC-SHA256, HMAC-SHA384, HMAC-SHA512, FIPS186PRNG, ECDRBG, HMACDRBG, SHA1PRNG, MD5PRNG; RFC 3394, RFC 5649 AES Key Wrap; X.509 CertificateFactory; PKCS12, PKCS15 KeyStore; X.509V1, PKIX, PKIX-SuiteB, PKIX-SuiteBTLS CertPathValidators; X.509V1, PKIX, PKIX-SuiteB, PKIX-SuiteBTLS CertPathBuilders; LDAP, Collection CertStores)"
"Information","pool-2-thread-1","03/23/19","22:15:00",,"Starting security..."
"Information","pool-2-thread-1","03/23/19","22:15:00",,"Starting scheduler..."
"Information","pool-2-thread-1","03/23/19","22:15:00",,"Starting WatchService..."
"Information","pool-2-thread-1","03/23/19","22:15:00",,"Starting debugging..."
"Information","pool-2-thread-1","03/23/19","22:15:00",,"Starting sql..."
"Information","pool-2-thread-1","03/23/19","22:15:00",,"Pool Manager Started"
"Information","pool-2-thread-1","03/23/19","22:15:01",,"Starting mail..."
"Information","pool-2-thread-1","03/23/19","22:15:01",,"Starting runtime..."
"Information","pool-2-thread-1","03/23/19","22:15:01",,"CORBA Configuration not enabled"
"Information","pool-2-thread-1","03/23/19","22:15:01",,"Starting cron..."
"Information","pool-2-thread-1","03/23/19","22:15:01",,"Starting registry..."
"Information","pool-2-thread-1","03/23/19","22:15:01",,"Starting client..."
"Information","pool-2-thread-1","03/23/19","22:15:01",,"Starting xmlrpc..."
"Information","pool-2-thread-1","03/23/19","22:15:02",,"Starting jaxrs..."
"Information","pool-2-thread-1","03/23/19","22:15:02",,"Starting graphing..."
"Information","pool-2-thread-1","03/23/19","22:15:02",,"Starting solr..."
"Information","pool-2-thread-1","03/23/19","22:15:02",,"Starting archive..."
"Information","pool-2-thread-1","03/23/19","22:15:02",,"Starting document..."
"Information","pool-2-thread-1","03/23/19","22:15:02",,"Starting eventgateway..."
"Information","pool-2-thread-1","03/23/19","22:15:02",,"Starting FlexAssembler..."
"Information","pool-2-thread-1","03/23/19","22:15:02",,"Starting .NET..."
"Information","pool-2-thread-1","03/23/19","22:15:02",,"Starting Monitoring..."
"Information","pool-2-thread-1","03/23/19","22:15:02",,"Starting WebSocket..."
"Information","pool-2-thread-1","03/23/19","22:15:02",,"WebSocket server listens on port: 8575"
"Information","pool-2-thread-1","03/23/19","22:15:02",,"ColdFusion started"
"Information","pool-2-thread-1","03/23/19","22:15:02",,"ColdFusion: application services are now available"
"Error","catalina-exec-5","03/23/19","22:15:55",,"Could not create connection to database server. Attempted reconnect 3 times. Giving up."
"Error","catalina-exec-5","03/23/19","22:15:59",,"Could not create connection to database server. Attempted reconnect 3 times. Giving up."
"Error","catalina-exec-3","03/23/19","22:19:17",,"Could not create connection to database server. Attempted reconnect 3 times. Giving up."
"Error","catalina-exec-3","03/23/19","22:19:21",,"Could not create connection to database server. Attempted reconnect 3 times. Giving up."
"Error","catalina-exec-6","03/23/19","22:35:59",,"Could not create connection to database server. Attempted reconnect 3 times. Giving up."
"Information","pool-2-thread-2","03/23/19","22:37:36",,"ColdFusion stopped"
"Information","pool-2-thread-1","03/23/19","22:39:36",,"Starting logging..."
"Information","pool-2-thread-1","03/23/19","22:39:36",,"Starting license..."
"Information","pool-2-thread-1","03/23/19","22:39:37",,"Invalid ColdFusion 10 license."
"Information","pool-2-thread-1","03/23/19","22:39:37",,"Invalid ColdFusion 10 license."
"Information","pool-2-thread-1","03/23/19","22:39:37",,"Invalid ColdFusion 10 license."
"Information","pool-2-thread-1","03/23/19","22:39:37",,"Developer Edition enabled"
"Information","pool-2-thread-1","03/23/19","22:39:37",,"Starting crypto..."
"Information","pool-2-thread-1","03/23/19","22:39:37",,"Installed JSafe JCE provider: Version 6.0 Crypto-J 6.0, EMC Corporation. JsafeJCE Security Provider (implements RSA, DSA, ECDSA, Diffie-Hellman, ECDH, AES, DES, Triple DES, DESX, RC2, RC4, RC5, PBE, MD2, MD5, RIPEMD160, SHA1, SHA224, SHA256, SHA384, SHA512, HMAC-MD5, HMAC-RIPEMD160, HMAC-SHA1, HMAC-SHA224, HMAC-SHA256, HMAC-SHA384, HMAC-SHA512, FIPS186PRNG, ECDRBG, HMACDRBG, SHA1PRNG, MD5PRNG; RFC 3394, RFC 5649 AES Key Wrap; X.509 CertificateFactory; PKCS12, PKCS15 KeyStore; X.509V1, PKIX, PKIX-SuiteB, PKIX-SuiteBTLS CertPathValidators; X.509V1, PKIX, PKIX-SuiteB, PKIX-SuiteBTLS CertPathBuilders; LDAP, Collection CertStores)"
"Information","pool-2-thread-1","03/23/19","22:39:37",,"Starting security..."
"Information","pool-2-thread-1","03/23/19","22:39:38",,"Starting scheduler..."
"Information","pool-2-thread-1","03/23/19","22:39:38",,"Starting WatchService..."
"Information","pool-2-thread-1","03/23/19","22:39:38",,"Starting debugging..."
"Information","pool-2-thread-1","03/23/19","22:39:38",,"Starting sql..."
"Information","pool-2-thread-1","03/23/19","22:39:38",,"Pool Manager Started"
"Information","pool-2-thread-1","03/23/19","22:39:39",,"Starting mail..."
"Information","pool-2-thread-1","03/23/19","22:39:39",,"Starting runtime..."
"Information","pool-2-thread-1","03/23/19","22:39:39",,"CORBA Configuration not enabled"
"Information","pool-2-thread-1","03/23/19","22:39:39",,"Starting cron..."
"Information","pool-2-thread-1","03/23/19","22:39:39",,"Starting registry..."
"Information","pool-2-thread-1","03/23/19","22:39:39",,"Starting client..."
"Information","pool-2-thread-1","03/23/19","22:39:39",,"Starting xmlrpc..."
"Information","pool-2-thread-1","03/23/19","22:39:39",,"Starting jaxrs..."
"Information","pool-2-thread-1","03/23/19","22:39:39",,"Starting graphing..."
"Information","pool-2-thread-1","03/23/19","22:39:39",,"Starting solr..."
"Information","pool-2-thread-1","03/23/19","22:39:39",,"Starting archive..."
"Information","pool-2-thread-1","03/23/19","22:39:39",,"Starting document..."
"Information","pool-2-thread-1","03/23/19","22:39:39",,"Starting eventgateway..."
"Information","pool-2-thread-1","03/23/19","22:39:40",,"Starting FlexAssembler..."
"Information","pool-2-thread-1","03/23/19","22:39:40",,"Starting .NET..."
"Information","pool-2-thread-1","03/23/19","22:39:40",,"Starting Monitoring..."
"Information","pool-2-thread-1","03/23/19","22:39:40",,"Starting WebSocket..."
"Information","pool-2-thread-1","03/23/19","22:39:40",,"WebSocket server listens on port: 8575"
"Information","pool-2-thread-1","03/23/19","22:39:40",,"ColdFusion started"
"Information","pool-2-thread-1","03/23/19","22:39:40",,"ColdFusion: application services are now available"
"Error","catalina-exec-5","03/23/19","22:40:48",,"Could not create connection to database server. Attempted reconnect 3 times. Giving up."
"Error","catalina-exec-5","03/23/19","22:40:52",,"Could not create connection to database server. Attempted reconnect 3 times. Giving up."
"Information","pool-2-thread-2","03/23/19","22:41:26",,"ColdFusion stopped"
"Information","pool-2-thread-1","03/23/19","22:41:57",,"Starting logging..."
"Information","pool-2-thread-1","03/23/19","22:41:57",,"Starting license..."
"Information","pool-2-thread-1","03/23/19","22:41:58",,"Invalid ColdFusion 10 license."
"Information","pool-2-thread-1","03/23/19","22:41:58",,"Invalid ColdFusion 10 license."
"Information","pool-2-thread-1","03/23/19","22:41:58",,"Invalid ColdFusion 10 license."
"Information","pool-2-thread-1","03/23/19","22:41:58",,"Developer Edition enabled"
"Information","pool-2-thread-1","03/23/19","22:41:58",,"Starting crypto..."
"Information","pool-2-thread-1","03/23/19","22:41:59",,"Installed JSafe JCE provider: Version 6.0 Crypto-J 6.0, EMC Corporation. JsafeJCE Security Provider (implements RSA, DSA, ECDSA, Diffie-Hellman, ECDH, AES, DES, Triple DES, DESX, RC2, RC4, RC5, PBE, MD2, MD5, RIPEMD160, SHA1, SHA224, SHA256, SHA384, SHA512, HMAC-MD5, HMAC-RIPEMD160, HMAC-SHA1, HMAC-SHA224, HMAC-SHA256, HMAC-SHA384, HMAC-SHA512, FIPS186PRNG, ECDRBG, HMACDRBG, SHA1PRNG, MD5PRNG; RFC 3394, RFC 5649 AES Key Wrap; X.509 CertificateFactory; PKCS12, PKCS15 KeyStore; X.509V1, PKIX, PKIX-SuiteB, PKIX-SuiteBTLS CertPathValidators; X.509V1, PKIX, PKIX-SuiteB, PKIX-SuiteBTLS CertPathBuilders; LDAP, Collection CertStores)"
"Information","pool-2-thread-1","03/23/19","22:41:59",,"Starting security..."
"Information","pool-2-thread-1","03/23/19","22:41:59",,"Starting scheduler..."
"Information","pool-2-thread-1","03/23/19","22:41:59",,"Starting WatchService..."
"Information","pool-2-thread-1","03/23/19","22:41:59",,"Starting debugging..."
"Information","pool-2-thread-1","03/23/19","22:41:59",,"Starting sql..."
"Information","pool-2-thread-1","03/23/19","22:41:59",,"Pool Manager Started"
"Information","pool-2-thread-1","03/23/19","22:42:01",,"Starting mail..."
"Information","pool-2-thread-1","03/23/19","22:42:01",,"Starting runtime..."
"Information","pool-2-thread-1","03/23/19","22:42:01",,"CORBA Configuration not enabled"
"Information","pool-2-thread-1","03/23/19","22:42:01",,"Starting cron..."
"Information","pool-2-thread-1","03/23/19","22:42:01",,"Starting registry..."
"Information","pool-2-thread-1","03/23/19","22:42:01",,"Starting client..."
"Information","pool-2-thread-1","03/23/19","22:42:01",,"Starting xmlrpc..."
"Information","pool-2-thread-1","03/23/19","22:42:02",,"Starting jaxrs..."
"Information","pool-2-thread-1","03/23/19","22:42:02",,"Starting graphing..."
"Information","pool-2-thread-1","03/23/19","22:42:02",,"Starting solr..."
"Information","pool-2-thread-1","03/23/19","22:42:02",,"Starting archive..."
"Information","pool-2-thread-1","03/23/19","22:42:02",,"Starting document..."
"Information","pool-2-thread-1","03/23/19","22:42:02",,"Starting eventgateway..."
"Information","pool-2-thread-1","03/23/19","22:42:02",,"Starting FlexAssembler..."
"Information","pool-2-thread-1","03/23/19","22:42:02",,"Starting .NET..."
"Information","pool-2-thread-1","03/23/19","22:42:02",,"Starting Monitoring..."
"Information","pool-2-thread-1","03/23/19","22:42:02",,"Starting WebSocket..."
"Information","pool-2-thread-1","03/23/19","22:42:02",,"WebSocket server listens on port: 8575"
"Information","pool-2-thread-1","03/23/19","22:42:02",,"ColdFusion started"
"Information","pool-2-thread-1","03/23/19","22:42:02",,"ColdFusion: application services are now available"
"Error","catalina-exec-4","03/23/19","22:44:02",,"Could not create connection to database server. Attempted reconnect 3 times. Giving up."
"Error","catalina-exec-3","03/23/19","22:44:38",,"Could not create connection to database server. Attempted reconnect 3 times. Giving up."
"Error","catalina-exec-3","03/23/19","22:44:42",,"Could not create connection to database server. Attempted reconnect 3 times. Giving up."
"Information","pool-2-thread-2","03/23/19","23:25:52",,"ColdFusion stopped"
"Information","pool-2-thread-1","03/24/19","00:51:05",,"Starting logging..."
"Information","pool-2-thread-1","03/24/19","00:51:05",,"Starting license..."
"Information","pool-2-thread-1","03/24/19","00:51:06",,"Invalid ColdFusion 10 license."
"Information","pool-2-thread-1","03/24/19","00:51:06",,"Invalid ColdFusion 10 license."
"Information","pool-2-thread-1","03/24/19","00:51:06",,"Invalid ColdFusion 10 license."
"Information","pool-2-thread-1","03/24/19","00:51:06",,"Developer Edition enabled"
"Information","pool-2-thread-1","03/24/19","00:51:06",,"Starting crypto..."
"Information","pool-2-thread-1","03/24/19","00:51:06",,"Installed JSafe JCE provider: Version 6.0 Crypto-J 6.0, EMC Corporation. JsafeJCE Security Provider (implements RSA, DSA, ECDSA, Diffie-Hellman, ECDH, AES, DES, Triple DES, DESX, RC2, RC4, RC5, PBE, MD2, MD5, RIPEMD160, SHA1, SHA224, SHA256, SHA384, SHA512, HMAC-MD5, HMAC-RIPEMD160, HMAC-SHA1, HMAC-SHA224, HMAC-SHA256, HMAC-SHA384, HMAC-SHA512, FIPS186PRNG, ECDRBG, HMACDRBG, SHA1PRNG, MD5PRNG; RFC 3394, RFC 5649 AES Key Wrap; X.509 CertificateFactory; PKCS12, PKCS15 KeyStore; X.509V1, PKIX, PKIX-SuiteB, PKIX-SuiteBTLS CertPathValidators; X.509V1, PKIX, PKIX-SuiteB, PKIX-SuiteBTLS CertPathBuilders; LDAP, Collection CertStores)"
"Information","pool-2-thread-1","03/24/19","00:51:06",,"Starting security..."
"Information","pool-2-thread-1","03/24/19","00:51:07",,"Starting scheduler..."
"Information","pool-2-thread-1","03/24/19","00:51:07",,"Starting WatchService..."
"Information","pool-2-thread-1","03/24/19","00:51:07",,"Starting debugging..."
"Information","pool-2-thread-1","03/24/19","00:51:07",,"Starting sql..."
"Information","pool-2-thread-1","03/24/19","00:51:07",,"Pool Manager Started"
"Information","pool-2-thread-1","03/24/19","00:51:08",,"Starting mail..."
"Information","pool-2-thread-1","03/24/19","00:51:08",,"Starting runtime..."
"Information","pool-2-thread-1","03/24/19","00:51:08",,"CORBA Configuration not enabled"
"Information","pool-2-thread-1","03/24/19","00:51:08",,"Starting cron..."
"Information","pool-2-thread-1","03/24/19","00:51:08",,"Starting registry..."
"Information","pool-2-thread-1","03/24/19","00:51:08",,"Starting client..."
"Information","pool-2-thread-1","03/24/19","00:51:08",,"Starting xmlrpc..."
"Information","pool-2-thread-1","03/24/19","00:51:08",,"Starting jaxrs..."
"Information","pool-2-thread-1","03/24/19","00:51:08",,"Starting graphing..."
"Information","pool-2-thread-1","03/24/19","00:51:08",,"Starting solr..."
"Information","pool-2-thread-1","03/24/19","00:51:08",,"Starting archive..."
"Information","pool-2-thread-1","03/24/19","00:51:08",,"Starting document..."
"Information","pool-2-thread-1","03/24/19","00:51:08",,"Starting eventgateway..."
"Information","pool-2-thread-1","03/24/19","00:51:08",,"Starting FlexAssembler..."
"Information","pool-2-thread-1","03/24/19","00:51:08",,"Starting .NET..."
"Information","pool-2-thread-1","03/24/19","00:51:08",,"Starting Monitoring..."
"Information","pool-2-thread-1","03/24/19","00:51:08",,"Starting WebSocket..."
"Information","pool-2-thread-1","03/24/19","00:51:09",,"WebSocket server listens on port: 8575"
"Information","pool-2-thread-1","03/24/19","00:51:09",,"ColdFusion started"
"Information","pool-2-thread-1","03/24/19","00:51:09",,"ColdFusion: application services are now available"
"Information","pool-2-thread-2","03/24/19","00:55:34",,"ColdFusion stopped"
"Information","pool-2-thread-1","03/24/19","08:36:31",,"Starting logging..."
"Information","pool-2-thread-1","03/24/19","08:36:31",,"Starting license..."
"Information","pool-2-thread-1","03/24/19","08:36:32",,"Invalid ColdFusion 10 license."
"Information","pool-2-thread-1","03/24/19","08:36:32",,"Invalid ColdFusion 10 license."
"Information","pool-2-thread-1","03/24/19","08:36:32",,"Invalid ColdFusion 10 license."
"Information","pool-2-thread-1","03/24/19","08:36:32",,"Developer Edition enabled"
"Information","pool-2-thread-1","03/24/19","08:36:32",,"Starting crypto..."
"Information","pool-2-thread-1","03/24/19","08:36:32",,"Installed JSafe JCE provider: Version 6.0 Crypto-J 6.0, EMC Corporation. JsafeJCE Security Provider (implements RSA, DSA, ECDSA, Diffie-Hellman, ECDH, AES, DES, Triple DES, DESX, RC2, RC4, RC5, PBE, MD2, MD5, RIPEMD160, SHA1, SHA224, SHA256, SHA384, SHA512, HMAC-MD5, HMAC-RIPEMD160, HMAC-SHA1, HMAC-SHA224, HMAC-SHA256, HMAC-SHA384, HMAC-SHA512, FIPS186PRNG, ECDRBG, HMACDRBG, SHA1PRNG, MD5PRNG; RFC 3394, RFC 5649 AES Key Wrap; X.509 CertificateFactory; PKCS12, PKCS15 KeyStore; X.509V1, PKIX, PKIX-SuiteB, PKIX-SuiteBTLS CertPathValidators; X.509V1, PKIX, PKIX-SuiteB, PKIX-SuiteBTLS CertPathBuilders; LDAP, Collection CertStores)"
"Information","pool-2-thread-1","03/24/19","08:36:32",,"Starting security..."
"Information","pool-2-thread-1","03/24/19","08:36:33",,"Starting scheduler..."
"Information","pool-2-thread-1","03/24/19","08:36:33",,"Starting WatchService..."
"Information","pool-2-thread-1","03/24/19","08:36:33",,"Starting debugging..."
"Information","pool-2-thread-1","03/24/19","08:36:33",,"Starting sql..."
"Information","pool-2-thread-1","03/24/19","08:36:33",,"Pool Manager Started"
"Information","pool-2-thread-1","03/24/19","08:36:34",,"Starting mail..."
"Information","pool-2-thread-1","03/24/19","08:36:34",,"Starting runtime..."
"Information","pool-2-thread-1","03/24/19","08:36:34",,"CORBA Configuration not enabled"
"Information","pool-2-thread-1","03/24/19","08:36:34",,"Starting cron..."
"Information","pool-2-thread-1","03/24/19","08:36:34",,"Starting registry..."
"Information","pool-2-thread-1","03/24/19","08:36:34",,"Starting client..."
"Information","pool-2-thread-1","03/24/19","08:36:34",,"Starting xmlrpc..."
"Information","pool-2-thread-1","03/24/19","08:36:35",,"Starting jaxrs..."
"Information","pool-2-thread-1","03/24/19","08:36:35",,"Starting graphing..."
"Information","pool-2-thread-1","03/24/19","08:36:35",,"Starting solr..."
"Information","pool-2-thread-1","03/24/19","08:36:35",,"Starting archive..."
"Information","pool-2-thread-1","03/24/19","08:36:35",,"Starting document..."
"Information","pool-2-thread-1","03/24/19","08:36:35",,"Starting eventgateway..."
"Information","pool-2-thread-1","03/24/19","08:36:35",,"Starting FlexAssembler..."
"Information","pool-2-thread-1","03/24/19","08:36:35",,"Starting .NET..."
"Information","pool-2-thread-1","03/24/19","08:36:35",,"Starting Monitoring..."
"Information","pool-2-thread-1","03/24/19","08:36:35",,"Starting WebSocket..."
"Information","pool-2-thread-1","03/24/19","08:36:35",,"WebSocket server listens on port: 8575"
"Information","pool-2-thread-1","03/24/19","08:36:35",,"ColdFusion started"
"Information","pool-2-thread-1","03/24/19","08:36:35",,"ColdFusion: application services are now available"
"Error","catalina-exec-6","03/24/19","08:38:47",,"Could not create connection to database server. Attempted reconnect 3 times. Giving up."
"Error","catalina-exec-7","03/24/19","08:41:46",,"Could not create connection to database server. Attempted reconnect 3 times. Giving up."
"Information","pool-2-thread-2","03/24/19","08:49:28",,"ColdFusion stopped"
